programModel::INFOR: Function __PROF_startup will be added to the ProgramContainer
programModel::INFOR: Function _GLOBAL__sub_I_matrix_mult.cpp.6 will be added to the ProgramContainer
programModel::INFOR: Function __cxx_global_var_init.7 will be added to the ProgramContainer
programModel::INFOR: Function _GLOBAL__sub_I_matrix_mult.cpp will be added to the ProgramContainer
programModel::INFOR: Function __cxx_global_var_init.2 will be added to the ProgramContainer
programModel::INFOR: Function _GLOBAL__sub_I_tb_matrix_mult.cpp will be added to the ProgramContainer
programModel::INFOR: Function __cxx_global_var_init will be added to the ProgramContainer
programModel::INFOR: Function main will be added to the ProgramContainer
programModel::INFOR: Function _ZN6ap_intILi32EEC1Ev will be added to the ProgramContainer
programModel::INFOR: Function _ZN6ap_intILi32EEC2Ev will be added to the ProgramContainer
programModel::INFOR: Function _ZN11ap_int_baseILi32ELb1EEC2Ev will be added to the ProgramContainer
programModel::INFOR: Function _ZN12ssdm_int_simILi32ELb1EEC2Ev will be added to the ProgramContainer
programModel::INFOR: Function _ZN10ap_privateILi32ELb1ELb1EEC1Ev will be added to the ProgramContainer
programModel::INFOR: Function _ZN10ap_privateILi32ELb1ELb1EEC2Ev will be added to the ProgramContainer
programModel::INFOR: Function _ZN10ap_privateILi32ELb1ELb1EE10set_canaryEv will be added to the ProgramContainer
programModel::INFOR: Function _ZN10ap_privateILi32ELb1ELb1EE15clearUnusedBitsEv will be added to the ProgramContainer
programModel::INFOR: Function _ZN10ap_privateILi32ELb1ELb1EE12check_canaryEv will be added to the ProgramContainer
programModel::INFOR: Function _ZN3hls4axisI6ap_intILi32EELy0ELy0ELy0ELh56ELb0EEC1Ev will be added to the ProgramContainer
programModel::INFOR: Function _ZN3hls4axisI6ap_intILi32EELy0ELy0ELy0ELh56ELb0EEC2Ev will be added to the ProgramContainer
programModel::INFOR: Function _ZN7ap_uintILi4EEC1Ev will be added to the ProgramContainer
programModel::INFOR: Function _ZN7ap_uintILi4EEC2Ev will be added to the ProgramContainer
programModel::INFOR: Function _ZN11ap_int_baseILi4ELb0EEC2Ev will be added to the ProgramContainer
programModel::INFOR: Function _ZN12ssdm_int_simILi4ELb0EEC2Ev will be added to the ProgramContainer
programModel::INFOR: Function _ZN10ap_privateILi4ELb0ELb1EEC1Ev will be added to the ProgramContainer
programModel::INFOR: Function _ZN10ap_privateILi4ELb0ELb1EEC2Ev will be added to the ProgramContainer
programModel::INFOR: Function _ZN10ap_privateILi4ELb0ELb1EE10set_canaryEv will be added to the ProgramContainer
programModel::INFOR: Function _ZN10ap_privateILi4ELb0ELb1EE15clearUnusedBitsEv will be added to the ProgramContainer
programModel::INFOR: Function _ZN10ap_privateILi4ELb0ELb1EE12check_canaryEv will be added to the ProgramContainer
programModel::INFOR: Function _ZN7ap_uintILi1EEC1Ev will be added to the ProgramContainer
programModel::INFOR: Function _ZN7ap_uintILi1EEC2Ev will be added to the ProgramContainer
programModel::INFOR: Function _ZN11ap_int_baseILi1ELb0EEC2Ev will be added to the ProgramContainer
programModel::INFOR: Function _ZN12ssdm_int_simILi1ELb0EEC2Ev will be added to the ProgramContainer
programModel::INFOR: Function _ZN10ap_privateILi1ELb0ELb1EEC1Ev will be added to the ProgramContainer
programModel::INFOR: Function _ZN10ap_privateILi1ELb0ELb1EEC2Ev will be added to the ProgramContainer
programModel::INFOR: Function _ZN10ap_privateILi1ELb0ELb1EE10set_canaryEv will be added to the ProgramContainer
programModel::INFOR: Function _ZN10ap_privateILi1ELb0ELb1EE15clearUnusedBitsEv will be added to the ProgramContainer
programModel::INFOR: Function _ZN10ap_privateILi1ELb0ELb1EE12check_canaryEv will be added to the ProgramContainer
programModel::INFOR: Function _ZN3hls6streamINS_4axisI6ap_intILi32EELy0ELy0ELy0ELh56ELb0EEELi0EEC1Ev will be added to the ProgramContainer
programModel::INFOR: Function _ZN3hls6streamINS_4axisI6ap_intILi32EELy0ELy0ELy0ELh56ELb0EEELi0EEC2Ev will be added to the ProgramContainer
programModel::INFOR: Function _Z6printfPKcz will be added to the ProgramContainer
programModel::INFOR: Function _Z8generateP6ap_intILi32EE will be added to the ProgramContainer
programModel::INFOR: Function _ZN6ap_intILi32EEC1Ei will be added to the ProgramContainer
programModel::INFOR: Function _ZN6ap_intILi32EEC2Ei will be added to the ProgramContainer
programModel::INFOR: Function _ZN11ap_int_baseILi32ELb1EEC2Ei will be added to the ProgramContainer
programModel::INFOR: Function _ZN10ap_privateILi32ELb1ELb1EEC1Ei will be added to the ProgramContainer
programModel::INFOR: Function _ZN10ap_privateILi32ELb1ELb1EEC2Ei will be added to the ProgramContainer
programModel::INFOR: Function _ZN12ssdm_int_simILi32ELb1EEC2E10ap_privateILi32ELb1ELb1EE will be added to the ProgramContainer
programModel::INFOR: Function _ZN10ap_privateILi32ELb1ELb1EEaSEi will be added to the ProgramContainer
programModel::INFOR: Function _ZN11ap_int_baseILi32ELb1EE18checkOverflowBaseCIiEEvT_ will be added to the ProgramContainer
programModel::INFOR: Function _ZN6ap_intILi32EEaSERKS0_ will be added to the ProgramContainer
programModel::INFOR: Function _ZN11ap_int_baseILi32ELb1EEaSERKS0_ will be added to the ProgramContainer
programModel::INFOR: Function _ZN12ssdm_int_simILi32ELb1EEaSERKS0_ will be added to the ProgramContainer
programModel::INFOR: Function _ZN10ap_privateILi32ELb1ELb1EEaSERKS0_ will be added to the ProgramContainer
programModel::INFOR: Function _ZNK10ap_privateILi32ELb1ELb1EE7get_VALEv will be added to the ProgramContainer
programModel::INFOR: Function _ZNK11ap_int_baseILi32ELb1EEcvxEv will be added to the ProgramContainer
programModel::INFOR: Function _ZNK10ap_privateILi32ELb1ELb1EEcviEv will be added to the ProgramContainer
programModel::INFOR: Function _ZNK10ap_privateILi32ELb1ELb1EE15get_cleared_VALEv will be added to the ProgramContainer
programModel::INFOR: Function _ZN3hls6streamINS_4axisI6ap_intILi32EELy0ELy0ELy0ELh56ELb0EEELi0EE5writeERKS4_ will be added to the ProgramContainer
programModel::INFOR: Function _Z10array_multRN3hls6streamINS_4axisI6ap_intILi32EELy0ELy0ELy0ELh56ELb0EEELi0EEEPS3_S6_ will be added to the ProgramContainer
programModel::INFOR: Function _ZN3hls6streamINS_4axisI6ap_intILi32EELy0ELy0ELy0ELh56ELb0EEELi0EE4readERS4_ will be added to the ProgramContainer
programModel::INFOR: Function _ZmlILi32ELb1ELi32ELb1EEN11ap_int_baseIXT_EXT0_EE5RTypeIXT1_EXT2_EE4multERKS1_RKS0_IXT1_EXT2_EE will be added to the ProgramContainer
programModel::INFOR: Function _ZN11ap_int_baseILi64ELb1EEC1ILi32ELb1EEERKS_IXT_EXT0_EE will be added to the ProgramContainer
programModel::INFOR: Function _ZN11ap_int_baseILi64ELb1EEC2ILi32ELb1EEERKS_IXT_EXT0_EE will be added to the ProgramContainer
programModel::INFOR: Function _ZN10ap_privateILi64ELb1ELb1EEC1ILi32ELb1ELb1EEERKS_IXT_EXT0_EXT1_EE will be added to the ProgramContainer
programModel::INFOR: Function _ZN10ap_privateILi64ELb1ELb1EEC2ILi32ELb1ELb1EEERKS_IXT_EXT0_EXT1_EE will be added to the ProgramContainer
programModel::INFOR: Function _ZN10ap_privateILi64ELb1ELb1EE10set_canaryEv will be added to the ProgramContainer
programModel::INFOR: Function _ZN10ap_privateILi64ELb1ELb1EE15clearUnusedBitsEv will be added to the ProgramContainer
programModel::INFOR: Function _ZN10ap_privateILi64ELb1ELb1EE12check_canaryEv will be added to the ProgramContainer
programModel::INFOR: Function _ZN12ssdm_int_simILi64ELb1EEC2E10ap_privateILi64ELb1ELb1EE will be added to the ProgramContainer
programModel::INFOR: Function _ZN10ap_privateILi64ELb1ELb1EEaSILi32ELb1EEERS0_RKS_IXT_EXT0_EXleT_Li64EEE will be added to the ProgramContainer
programModel::INFOR: Function _ZN11ap_int_baseILi64ELb1EEC1Ei will be added to the ProgramContainer
programModel::INFOR: Function _ZN11ap_int_baseILi64ELb1EEC2Ei will be added to the ProgramContainer
programModel::INFOR: Function _ZN10ap_privateILi64ELb1ELb1EEC1Ei will be added to the ProgramContainer
programModel::INFOR: Function _ZN10ap_privateILi64ELb1ELb1EEC2Ei will be added to the ProgramContainer
programModel::INFOR: Function _ZN10ap_privateILi64ELb1ELb1EEaSEi will be added to the ProgramContainer
programModel::INFOR: Function _ZNK10ap_privateILi64ELb1ELb1EEmlILi64ELb1EEENS0_5RTypeIXT_EXT0_EE4multERKS_IXT_EXT0_EXleT_Li64EEE will be added to the ProgramContainer
programModel::INFOR: Function _ZN10ap_privateILi128ELb1ELb0EEC1ILi64ELb1EEERKS_IXT_EXT0_ELb1EE will be added to the ProgramContainer
programModel::INFOR: Function _ZN10ap_privateILi128ELb1ELb0EEC2ILi64ELb1EEERKS_IXT_EXT0_ELb1EE will be added to the ProgramContainer
programModel::INFOR: Function _ZN10ap_privateILi128ELb1ELb0EE10set_canaryEv will be added to the ProgramContainer
programModel::INFOR: Function _ZNK10ap_privateILi64ELb1ELb1EE10isNegativeEv will be added to the ProgramContainer
programModel::INFOR: Function _ZNK10ap_privateILi64ELb1ELb1EE7get_VALEv will be added to the ProgramContainer
programModel::INFOR: Function _ZN10ap_privateILi128ELb1ELb0EE15clearUnusedBitsEv will be added to the ProgramContainer
programModel::INFOR: Function _ZN10ap_privateILi128ELb1ELb0EE12check_canaryEv will be added to the ProgramContainer
programModel::INFOR: Function _ZN10ap_privateILi128ELb1ELb0EEmLILi64ELb1EEERS0_RKS_IXT_EXT0_EXleT_Li64EEE will be added to the ProgramContainer
programModel::INFOR: Function _ZNK10ap_privateILi128ELb1ELb0EE13getActiveBitsEv will be added to the ProgramContainer
programModel::INFOR: Function _ZNK10ap_privateILi128ELb1ELb0EE17countLeadingZerosEv will be added to the ProgramContainer
programModel::INFOR: Function _ZN14ap_private_opsL20CountLeadingZeros_64Ey will be added to the ProgramContainer
programModel::INFOR: Function _ZN10ap_privateILi128ELb1ELb0EE9whichWordEj will be added to the ProgramContainer
programModel::INFOR: Function _ZN10ap_privateILi128ELb1ELb0EE8get_pValEv will be added to the ProgramContainer
programModel::INFOR: Function _ZN14ap_private_opsL3mulEPyPKyjS2_jj will be added to the ProgramContainer
programModel::INFOR: Function _ZN14ap_private_opsL5mul_1EPyPKyjy will be added to the ProgramContainer
programModel::INFOR: Function _ZN10ap_privateILi128ELb1ELb0EE5clearEv will be added to the ProgramContainer
programModel::INFOR: Function _ZNK10ap_privateILi128ELb1ELb0EE10isNegativeEv will be added to the ProgramContainer
programModel::INFOR: Function _ZN10ap_privateILi64ELb1ELb1EEaSILi128ELb1EEERS0_RKS_IXT_EXT0_EXleT_Li64EEE will be added to the ProgramContainer
programModel::INFOR: Function _ZNK10ap_privateILi128ELb1ELb0EE15get_cleared_VALEv will be added to the ProgramContainer
programModel::INFOR: Function _ZN6ap_intILi64EEC1ILi64ELb1EEERK11ap_int_baseIXT_EXT0_EE will be added to the ProgramContainer
programModel::INFOR: Function _ZN6ap_intILi64EEC2ILi64ELb1EEERK11ap_int_baseIXT_EXT0_EE will be added to the ProgramContainer
programModel::INFOR: Function _ZNK11ap_int_baseILi64ELb1EEcvxEv will be added to the ProgramContainer
programModel::INFOR: Function _ZNK10ap_privateILi64ELb1ELb1EEcvxEv will be added to the ProgramContainer
programModel::INFOR: Function _ZNK10ap_privateILi64ELb1ELb1EE15get_cleared_VALEv will be added to the ProgramContainer
programModel::INFOR: Function _ZNK11ap_int_baseILi32ELb1EEneILi32ELb1EEEbRKS_IXT_EXT0_EE will be added to the ProgramContainer
programModel::INFOR: Function _ZNK10ap_privateILi32ELb1ELb1EEeqERKS0_ will be added to the ProgramContainer
programModel::INFOR: Function _Z11print_arrayP6ap_intILi32EE will be added to the ProgramContainer
programModel::INFOR: Function _ZNK11ap_int_baseILi32ELb1EE6to_intEv will be added to the ProgramContainer
programModel::INFOR: Function _ZN3hls6streamINS_4axisI6ap_intILi32EELy0ELy0ELy0ELh56ELb0EEELi0EED1Ev will be added to the ProgramContainer
programModel::INFOR: Function _ZN3hls6streamINS_4axisI6ap_intILi32EELy0ELy0ELy0ELh56ELb0EEELi0EED2Ev will be added to the ProgramContainer
programModel::INFOR: Function __dtor__ZStL8__ioinit will be added to the ProgramContainer
programModel::INFOR: Function __dtor__ZStL8__ioinit.4 will be added to the ProgramContainer
programModel::INFOR: Function __dtor__ZStL8__ioinit.9 will be added to the ProgramContainer
