01/30/26 10:32:11: Running xcd server. This server was NOT built by gradle, but presumably rdi.
01/30/26 10:32:11: Server was asked to start on port: '52689'
01/30/26 10:32:11: Server is using token UUID: 'eec468df-fdc6-11f0-9cdb-7486e21c6500'
01/30/26 10:32:11: SESSION_MGR: creating session with session uuid: '6d04a3e9-ade5-4ab9-8d63-1f78fcd2ec76' and name 'default'
01/30/26 10:32:11: Attempting to start server on port '52689'
01/30/26 10:32:11: Running Dispatch Server
01/30/26 10:32:11: Version 2.2.0
01/30/26 10:32:12: Dispatch Server: Accepted socket connection from client
01/30/26 10:32:12: Starting Socket connection
01/30/26 10:32:12: EXCHANGE_TOKEN received, server token: eec468df-fdc6-11f0-9cdb-7486e21c6500, passed token: eec468df-fdc6-11f0-9cdb-7486e21c6500
01/30/26 10:32:12: SESSION_MGR: creating session with session uuid: '82c020d1-6933-4f8a-87d9-48333954f524' and name 'Code Analyzer'
01/30/26 10:32:12: KERNEL_SVC: creating session with uuid: '82c020d1-6933-4f8a-87d9-48333954f524' and name 'Code Analyzer'
01/30/26 10:32:12: GUIDANCE_SMGR: creating guidance session with uuid: '82c020d1-6933-4f8a-87d9-48333954f524' and name 'Code Analyzer'
01/30/26 10:32:51: SESSION_MGR: closing session for UUID '82c020d1-6933-4f8a-87d9-48333954f524' with name ''
01/30/26 10:32:51: KERNEL_SVC: closing session for UUID '82c020d1-6933-4f8a-87d9-48333954f524' with name ''
01/30/26 10:32:51: GUIDANCE_SMGR: closing session for UUID '82c020d1-6933-4f8a-87d9-48333954f524' with name ''
01/30/26 10:32:51: STOP_SERVER received, server token: eec468df-fdc6-11f0-9cdb-7486e21c6500, passed token: eec468df-fdc6-11f0-9cdb-7486e21c6500
01/30/26 10:32:51: Socket received request to stop server.
01/30/26 10:32:51: Dispatch Server: do_await_stop
01/30/26 10:32:51: SERVER: destructor for server bound to port 52689
01/30/26 10:32:51: Server exiting with status 0.
01/30/26 10:32:51: Closing log file.
