Copyright 1986-2022 Xilinx, Inc. All Rights Reserved. Copyright 2022-2024 Advanced Micro Devices, Inc. All Rights Reserved.
---------------------------------------------------------------------------------------------------------------------------------------------
| Tool Version : Vivado v.2024.1 (win64) Build 5076996 Wed May 22 18:37:14 MDT 2024
| Date         : Fri Jan 30 11:37:02 2026
| Host         : E10-E21C6500 running 64-bit major release  (build 9200)
| Command      : report_timing_summary -file ./report/array_mult_timing_routed.rpt
| Design       : bd_0_wrapper
| Device       : 7z020-clg400
| Speed File   : -1  PRODUCTION 1.12 2019-11-22
| Design State : Routed
---------------------------------------------------------------------------------------------------------------------------------------------

Timing Summary Report

------------------------------------------------------------------------------------------------
| Timer Settings
| --------------
------------------------------------------------------------------------------------------------

  Enable Multi Corner Analysis               :  Yes
  Enable Pessimism Removal                   :  Yes
  Pessimism Removal Resolution               :  Nearest Common Node
  Enable Input Delay Default Clock           :  No
  Enable Preset / Clear Arcs                 :  No
  Disable Flight Delays                      :  No
  Ignore I/O Paths                           :  No
  Timing Early Launch at Borrowing Latches   :  No
  Borrow Time for Max Delay Exceptions       :  Yes
  Merge Timing Exceptions                    :  Yes
  Inter-SLR Compensation                     :  Conservative

  Corner  Analyze    Analyze    
  Name    Max Paths  Min Paths  
  ------  ---------  ---------  
  Slow    Yes        Yes        
  Fast    Yes        Yes        


------------------------------------------------------------------------------------------------
| Report Methodology
| ------------------
------------------------------------------------------------------------------------------------

Rule       Severity  Description                    Violations  
---------  --------  -----------------------------  ----------  
TIMING-18  Warning   Missing input or output delay  226         

Note: This report is based on the most recent report_methodology run and may not be up-to-date. Run report_methodology on the current design for the latest report.



check_timing report

Table of Contents
-----------------
1. checking no_clock (0)
2. checking constant_clock (0)
3. checking pulse_width_clock (0)
4. checking unconstrained_internal_endpoints (0)
5. checking no_input_delay (90)
6. checking no_output_delay (72)
7. checking multiple_clock (0)
8. checking generated_clocks (0)
9. checking loops (0)
10. checking partial_input_delay (0)
11. checking partial_output_delay (0)
12. checking latch_loops (0)

1. checking no_clock (0)
------------------------
 There are 0 register/latch pins with no clock.


2. checking constant_clock (0)
------------------------------
 There are 0 register/latch pins with constant_clock.


3. checking pulse_width_clock (0)
---------------------------------
 There are 0 register/latch pins which need pulse_width check


4. checking unconstrained_internal_endpoints (0)
------------------------------------------------
 There are 0 pins that are not constrained for maximum delay.

 There are 0 pins that are not constrained for maximum delay due to constant clock.


5. checking no_input_delay (90)
-------------------------------
 There are 90 input ports with no input delay specified. (HIGH)

 There are 0 input ports with no input delay but user has a false path constraint.


6. checking no_output_delay (72)
--------------------------------
 There are 72 ports with no output delay specified. (HIGH)

 There are 0 ports with no output delay but user has a false path constraint

 There are 0 ports with no output delay but with a timing clock defined on it or propagating through it


7. checking multiple_clock (0)
------------------------------
 There are 0 register/latch pins with multiple clocks.


8. checking generated_clocks (0)
--------------------------------
 There are 0 generated clocks that are not connected to a clock source.


9. checking loops (0)
---------------------
 There are 0 combinational loops in the design.


10. checking partial_input_delay (0)
------------------------------------
 There are 0 input ports with partial input delay specified.


11. checking partial_output_delay (0)
-------------------------------------
 There are 0 ports with partial output delay specified.


12. checking latch_loops (0)
----------------------------
 There are 0 combinational latch loops in the design through latch input



------------------------------------------------------------------------------------------------
| Design Timing Summary
| ---------------------
------------------------------------------------------------------------------------------------

    WNS(ns)      TNS(ns)  TNS Failing Endpoints  TNS Total Endpoints      WHS(ns)      THS(ns)  THS Failing Endpoints  THS Total Endpoints     WPWS(ns)     TPWS(ns)  TPWS Failing Endpoints  TPWS Total Endpoints  
    -------      -------  ---------------------  -------------------      -------      -------  ---------------------  -------------------     --------     --------  ----------------------  --------------------  
      2.663        0.000                      0                 2819        0.120        0.000                      0                 2819        3.750        0.000                       0                   891  


All user specified timing constraints are met.


------------------------------------------------------------------------------------------------
| Clock Summary
| -------------
------------------------------------------------------------------------------------------------

Clock   Waveform(ns)       Period(ns)      Frequency(MHz)
-----   ------------       ----------      --------------
ap_clk  {0.000 5.000}      10.000          100.000         


------------------------------------------------------------------------------------------------
| Intra Clock Table
| -----------------
------------------------------------------------------------------------------------------------

Clock             WNS(ns)      TNS(ns)  TNS Failing Endpoints  TNS Total Endpoints      WHS(ns)      THS(ns)  THS Failing Endpoints  THS Total Endpoints     WPWS(ns)     TPWS(ns)  TPWS Failing Endpoints  TPWS Total Endpoints  
-----             -------      -------  ---------------------  -------------------      -------      -------  ---------------------  -------------------     --------     --------  ----------------------  --------------------  
ap_clk              2.663        0.000                      0                 2819        0.120        0.000                      0                 2819        3.750        0.000                       0                   891  


------------------------------------------------------------------------------------------------
| Inter Clock Table
| -----------------
------------------------------------------------------------------------------------------------

From Clock    To Clock          WNS(ns)      TNS(ns)  TNS Failing Endpoints  TNS Total Endpoints      WHS(ns)      THS(ns)  THS Failing Endpoints  THS Total Endpoints  
----------    --------          -------      -------  ---------------------  -------------------      -------      -------  ---------------------  -------------------  


------------------------------------------------------------------------------------------------
| Other Path Groups Table
| -----------------------
------------------------------------------------------------------------------------------------

Path Group    From Clock    To Clock          WNS(ns)      TNS(ns)  TNS Failing Endpoints  TNS Total Endpoints      WHS(ns)      THS(ns)  THS Failing Endpoints  THS Total Endpoints  
----------    ----------    --------          -------      -------  ---------------------  -------------------      -------      -------  ---------------------  -------------------  


------------------------------------------------------------------------------------------------
| Timing Details
| --------------
------------------------------------------------------------------------------------------------


---------------------------------------------------------------------------------------------------
From Clock:  ap_clk
  To Clock:  ap_clk

Setup :            0  Failing Endpoints,  Worst Slack        2.663ns,  Total Violation        0.000ns
Hold  :            0  Failing Endpoints,  Worst Slack        0.120ns,  Total Violation        0.000ns
PW    :            0  Failing Endpoints,  Worst Slack        3.750ns,  Total Violation        0.000ns
---------------------------------------------------------------------------------------------------


Max Delay Paths
--------------------------------------------------------------------------------------
Slack (MET) :             2.663ns  (required time - arrival time)
  Source:                 bd_0_i/hls_inst/inst/grp_array_mult_Pipeline_VITIS_LOOP_26_1_fu_362_ap_start_reg_reg/C
                            (rising edge-triggered cell FDRE clocked by ap_clk  {rise@0.000ns fall@5.000ns period=10.000ns})
  Destination:            bd_0_i/hls_inst/inst/in_a_store_data_U/q0_reg[11]/D
                            (rising edge-triggered cell FDRE clocked by ap_clk  {rise@0.000ns fall@5.000ns period=10.000ns})
  Path Group:             ap_clk
  Path Type:              Setup (Max at Slow Process Corner)
  Requirement:            10.000ns  (ap_clk rise@10.000ns - ap_clk rise@0.000ns)
  Data Path Delay:        7.328ns  (logic 1.657ns (22.611%)  route 5.671ns (77.389%))
  Logic Levels:           6  (LUT3=2 LUT6=3 RAMS32=1)
  Clock Path Skew:        -0.049ns (DCD - SCD + CPR)
    Destination Clock Delay (DCD):    0.924ns = ( 10.924 - 10.000 ) 
    Source Clock Delay      (SCD):    0.973ns
    Clock Pessimism Removal (CPR):    0.000ns
  Clock Uncertainty:      0.035ns  ((TSJ^2 + TIJ^2)^1/2 + DJ) / 2 + PE
    Total System Jitter     (TSJ):    0.071ns
    Total Input Jitter      (TIJ):    0.000ns
    Discrete Jitter          (DJ):    0.000ns
    Phase Error              (PE):    0.000ns

    Location             Delay type                Incr(ns)  Path(ns)    Netlist Resource(s)
  -------------------------------------------------------------------    -------------------
                         (clock ap_clk rise edge)     0.000     0.000 r  
                                                      0.000     0.000 r  ap_clk (IN)
                         net (fo=890, unset)          0.973     0.973    bd_0_i/hls_inst/inst/ap_clk
    SLICE_X36Y29         FDRE                                         r  bd_0_i/hls_inst/inst/grp_array_mult_Pipeline_VITIS_LOOP_26_1_fu_362_ap_start_reg_reg/C
  -------------------------------------------------------------------    -------------------
    SLICE_X36Y29         FDRE (Prop_fdre_C_Q)         0.478     1.451 f  bd_0_i/hls_inst/inst/grp_array_mult_Pipeline_VITIS_LOOP_26_1_fu_362_ap_start_reg_reg/Q
                         net (fo=18, routed)          0.922     2.373    bd_0_i/hls_inst/inst/grp_array_mult_Pipeline_VITIS_LOOP_26_1_fu_362/flow_control_loop_pipe_sequential_init_U/grp_array_mult_Pipeline_VITIS_LOOP_26_1_fu_362_ap_start_reg
    SLICE_X37Y30         LUT3 (Prop_lut3_I2_O)        0.329     2.702 r  bd_0_i/hls_inst/inst/grp_array_mult_Pipeline_VITIS_LOOP_26_1_fu_362/flow_control_loop_pipe_sequential_init_U/ram_reg_0_15_0_0_i_6__0/O
                         net (fo=2, routed)           0.906     3.607    bd_0_i/hls_inst/inst/grp_array_mult_Pipeline_MULT_ACC_LOOP_fu_378/flow_control_loop_pipe_sequential_init_U/ram_reg_0_15_0_0_i_6
    SLICE_X33Y28         LUT6 (Prop_lut6_I3_O)        0.326     3.933 f  bd_0_i/hls_inst/inst/grp_array_mult_Pipeline_MULT_ACC_LOOP_fu_378/flow_control_loop_pipe_sequential_init_U/ram_reg_0_15_0_0_i_20/O
                         net (fo=1, routed)           0.686     4.619    bd_0_i/hls_inst/inst/grp_array_mult_Pipeline_MULT_ACC_LOOP2_fu_396/flow_control_loop_pipe_sequential_init_U/ram_reg_0_15_0_0_i_2_0
    SLICE_X26Y29         LUT6 (Prop_lut6_I4_O)        0.124     4.743 f  bd_0_i/hls_inst/inst/grp_array_mult_Pipeline_MULT_ACC_LOOP2_fu_396/flow_control_loop_pipe_sequential_init_U/ram_reg_0_15_0_0_i_6/O
                         net (fo=1, routed)           0.449     5.192    bd_0_i/hls_inst/inst/grp_array_mult_Pipeline_MULT_ACC_LOOP8_fu_450/flow_control_loop_pipe_sequential_init_U/ram_reg_0_15_0_0
    SLICE_X26Y25         LUT6 (Prop_lut6_I0_O)        0.124     5.316 r  bd_0_i/hls_inst/inst/grp_array_mult_Pipeline_MULT_ACC_LOOP8_fu_450/flow_control_loop_pipe_sequential_init_U/ram_reg_0_15_0_0_i_2/O
                         net (fo=32, routed)          1.521     6.837    bd_0_i/hls_inst/inst/in_a_store_data_U/ram_reg_0_15_0_0__22/A0
    SLICE_X34Y23         RAMS32 (Prop_rams32_ADR0_O)
                                                      0.124     6.961 r  bd_0_i/hls_inst/inst/in_a_store_data_U/ram_reg_0_15_0_0__22/SP/O
                         net (fo=1, routed)           1.188     8.149    bd_0_i/hls_inst/inst/in_a_store_data_U/ram_reg_0_15_0_0__22_n_0
    SLICE_X31Y21         LUT3 (Prop_lut3_I0_O)        0.152     8.301 r  bd_0_i/hls_inst/inst/in_a_store_data_U/q0[11]_i_1/O
                         net (fo=1, routed)           0.000     8.301    bd_0_i/hls_inst/inst/in_a_store_data_U/q00__0[11]
    SLICE_X31Y21         FDRE                                         r  bd_0_i/hls_inst/inst/in_a_store_data_U/q0_reg[11]/D
  -------------------------------------------------------------------    -------------------

                         (clock ap_clk rise edge)    10.000    10.000 r  
                                                      0.000    10.000 r  ap_clk (IN)
                         net (fo=890, unset)          0.924    10.924    bd_0_i/hls_inst/inst/in_a_store_data_U/ap_clk
    SLICE_X31Y21         FDRE                                         r  bd_0_i/hls_inst/inst/in_a_store_data_U/q0_reg[11]/C
                         clock pessimism              0.000    10.924    
                         clock uncertainty           -0.035    10.889    
    SLICE_X31Y21         FDRE (Setup_fdre_C_D)        0.075    10.964    bd_0_i/hls_inst/inst/in_a_store_data_U/q0_reg[11]
  -------------------------------------------------------------------
                         required time                         10.964    
                         arrival time                          -8.301    
  -------------------------------------------------------------------
                         slack                                  2.663    





Min Delay Paths
--------------------------------------------------------------------------------------
Slack (MET) :             0.120ns  (arrival time - required time)
  Source:                 bd_0_i/hls_inst/inst/regslice_both_in_a_V_keep_V_U/data_p1_reg[0]/C
                            (rising edge-triggered cell FDRE clocked by ap_clk  {rise@0.000ns fall@5.000ns period=10.000ns})
  Destination:            bd_0_i/hls_inst/inst/in_a_store_keep_U/ram_reg_0_15_0_0/SP/I
                            (rising edge-triggered cell RAMS32 clocked by ap_clk  {rise@0.000ns fall@5.000ns period=10.000ns})
  Path Group:             ap_clk
  Path Type:              Hold (Min at Fast Process Corner)
  Requirement:            0.000ns  (ap_clk rise@0.000ns - ap_clk rise@0.000ns)
  Data Path Delay:        0.263ns  (logic 0.141ns (53.615%)  route 0.122ns (46.385%))
  Logic Levels:           0  
  Clock Path Skew:        0.022ns (DCD - SCD - CPR)
    Destination Clock Delay (DCD):    0.432ns
    Source Clock Delay      (SCD):    0.410ns
    Clock Pessimism Removal (CPR):    -0.000ns

    Location             Delay type                Incr(ns)  Path(ns)    Netlist Resource(s)
  -------------------------------------------------------------------    -------------------
                         (clock ap_clk rise edge)     0.000     0.000 r  
                                                      0.000     0.000 r  ap_clk (IN)
                         net (fo=890, unset)          0.410     0.410    bd_0_i/hls_inst/inst/regslice_both_in_a_V_keep_V_U/ap_clk
    SLICE_X37Y32         FDRE                                         r  bd_0_i/hls_inst/inst/regslice_both_in_a_V_keep_V_U/data_p1_reg[0]/C
  -------------------------------------------------------------------    -------------------
    SLICE_X37Y32         FDRE (Prop_fdre_C_Q)         0.141     0.551 r  bd_0_i/hls_inst/inst/regslice_both_in_a_V_keep_V_U/data_p1_reg[0]/Q
                         net (fo=3, routed)           0.122     0.673    bd_0_i/hls_inst/inst/in_a_store_keep_U/ram_reg_0_15_0_0/D
    SLICE_X38Y31         RAMS32                                       r  bd_0_i/hls_inst/inst/in_a_store_keep_U/ram_reg_0_15_0_0/SP/I
  -------------------------------------------------------------------    -------------------

                         (clock ap_clk rise edge)     0.000     0.000 r  
                                                      0.000     0.000 r  ap_clk (IN)
                         net (fo=890, unset)          0.432     0.432    bd_0_i/hls_inst/inst/in_a_store_keep_U/ram_reg_0_15_0_0/WCLK
    SLICE_X38Y31         RAMS32                                       r  bd_0_i/hls_inst/inst/in_a_store_keep_U/ram_reg_0_15_0_0/SP/CLK
                         clock pessimism              0.000     0.432    
    SLICE_X38Y31         RAMS32 (Hold_rams32_CLK_I)
                                                      0.121     0.553    bd_0_i/hls_inst/inst/in_a_store_keep_U/ram_reg_0_15_0_0/SP
  -------------------------------------------------------------------
                         required time                         -0.553    
                         arrival time                           0.673    
  -------------------------------------------------------------------
                         slack                                  0.120    





Pulse Width Checks
--------------------------------------------------------------------------------------
Clock Name:         ap_clk
Waveform(ns):       { 0.000 5.000 }
Period(ns):         10.000
Sources:            { ap_clk }

Check Type        Corner  Lib Pin      Reference Pin  Required(ns)  Actual(ns)  Slack(ns)  Location      Pin
Min Period        n/a     DSP48E1/CLK  n/a            2.154         10.000      7.846      DSP48_X2Y8    bd_0_i/hls_inst/inst/grp_array_mult_Pipeline_MULT_ACC_LOOP1_fu_387/mac_muladd_16s_16s_16ns_16_4_1_U15/array_mult_mac_muladd_16s_16s_16ns_16_4_1_DSP48_0_U/p_reg_reg/CLK
Low Pulse Width   Slow    RAMD32/CLK   n/a            1.250         5.000       3.750      SLICE_X38Y24  bd_0_i/hls_inst/inst/DATA_IN_B_s_axi_U/int_in_b/mem_reg_0_15_0_0/DP/CLK
High Pulse Width  Slow    RAMD32/CLK   n/a            1.250         5.000       3.750      SLICE_X38Y24  bd_0_i/hls_inst/inst/DATA_IN_B_s_axi_U/int_in_b/mem_reg_0_15_0_0/DP/CLK



