

================================================================
== Vitis HLS Report for 'array_mult_Pipeline_MULT_ACC_LOOP6'
================================================================
* Date:           Fri Jan 30 11:32:04 2026

* Version:        2024.1 (Build 5069499 on May 21 2024)
* Project:        array_mult
* Solution:       hls (Vivado IP Flow Target)
* Product family: zynq
* Target device:  xc7z020-clg400-1


================================================================
== Performance Estimates
================================================================
+ Timing: 
    * Summary: 
    +--------+----------+----------+------------+
    |  Clock |  Target  | Estimated| Uncertainty|
    +--------+----------+----------+------------+
    |ap_clk  |  10.00 ns|  5.690 ns|     2.70 ns|
    +--------+----------+----------+------------+

+ Latency: 
    * Summary: 
    +---------+---------+----------+----------+-----+-----+-----------------------------------------------+
    |  Latency (cycles) |  Latency (absolute) |  Interval |                    Pipeline                   |
    |   min   |   max   |    min   |    max   | min | max |                      Type                     |
    +---------+---------+----------+----------+-----+-----+-----------------------------------------------+
    |       15|       15|  0.150 us|  0.150 us|   12|   12|  loop auto-rewind stp(delay=0 clock cycles(s))|
    +---------+---------+----------+----------+-----+-----+-----------------------------------------------+

    + Detail: 
        * Instance: 
        N/A

        * Loop: 
        +-----------------+---------+---------+----------+-----------+-----------+------+----------+
        |                 |  Latency (cycles) | Iteration|  Initiation Interval  | Trip |          |
        |    Loop Name    |   min   |   max   |  Latency |  achieved |   target  | Count| Pipelined|
        +-----------------+---------+---------+----------+-----------+-----------+------+----------+
        |- MULT_ACC_LOOP  |       13|       13|         6|          2|          2|     5|       yes|
        +-----------------+---------+---------+----------+-----------+-----------+------+----------+



================================================================
== Utilization Estimates
================================================================
* Summary: 
+-----------------+---------+-----+--------+-------+-----+
|       Name      | BRAM_18K| DSP |   FF   |  LUT  | URAM|
+-----------------+---------+-----+--------+-------+-----+
|DSP              |        -|    1|       -|      -|    -|
|Expression       |        -|    -|       0|     51|    -|
|FIFO             |        -|    -|       -|      -|    -|
|Instance         |        -|    -|       -|      -|    -|
|Memory           |        -|    -|       -|      -|    -|
|Multiplexer      |        -|    -|       0|     68|    -|
|Register         |        -|    -|      49|      -|    -|
+-----------------+---------+-----+--------+-------+-----+
|Total            |        0|    1|      49|    119|    0|
+-----------------+---------+-----+--------+-------+-----+
|Available        |      280|  220|  106400|  53200|    0|
+-----------------+---------+-----+--------+-------+-----+
|Utilization (%)  |        0|   ~0|      ~0|     ~0|    0|
+-----------------+---------+-----+--------+-------+-----+

+ Detail: 
    * Instance: 
    N/A

    * DSP: 
    +------------------------------------+--------------------------------+--------------+
    |              Instance              |             Module             |  Expression  |
    +------------------------------------+--------------------------------+--------------+
    |mac_muladd_16s_16s_16ns_16_4_1_U40  |mac_muladd_16s_16s_16ns_16_4_1  |  i0 * i1 + i2|
    +------------------------------------+--------------------------------+--------------+

    * Memory: 
    N/A

    * FIFO: 
    N/A

    * Expression: 
    +-----------------------+----------+----+---+----+------------+------------+
    |     Variable Name     | Operation| DSP| FF| LUT| Bitwidth P0| Bitwidth P1|
    +-----------------------+----------+----+---+----+------------+------------+
    |add_ln39_10_fu_155_p2  |         +|   0|  0|   7|           5|           5|
    |add_ln39_11_fu_161_p2  |         +|   0|  0|   7|           5|           5|
    |add_ln39_fu_136_p2     |         +|   0|  0|  13|           5|           4|
    |k_8_fu_126_p2          |         +|   0|  0|  11|           3|           1|
    |icmp_ln36_fu_120_p2    |      icmp|   0|  0|  11|           3|           3|
    |ap_enable_pp0          |       xor|   0|  0|   2|           1|           2|
    +-----------------------+----------+----+---+----+------------+------------+
    |Total                  |          |   0|  0|  51|          22|          20|
    +-----------------------+----------+----+---+----+------------+------------+

    * Multiplexer: 
    +-------------------------+----+-----------+-----+-----------+
    |           Name          | LUT| Input Size| Bits| Total Bits|
    +-------------------------+----+-----------+-----+-----------+
    |ap_NS_fsm                |  14|          3|    1|          3|
    |ap_done_int              |   9|          2|    1|          2|
    |ap_enable_reg_pp0_iter0  |   9|          2|    1|          2|
    |ap_enable_reg_pp0_iter1  |   9|          2|    1|          2|
    |ap_sig_allocacmp_k_7     |   9|          2|    3|          6|
    |k_fu_60                  |   9|          2|    3|          6|
    |mult_acc_data_fu_64      |   9|          2|   16|         32|
    +-------------------------+----+-----------+-----+-----------+
    |Total                    |  68|         15|   26|         53|
    +-------------------------+----+-----------+-----+-----------+

    * Register: 
    +----------------------------------+----+----+-----+-----------+
    |               Name               | FF | LUT| Bits| Const Bits|
    +----------------------------------+----+----+-----+-----------+
    |add_ln39_11_reg_214               |   5|   0|    5|          0|
    |ap_CS_fsm                         |   2|   0|    2|          0|
    |ap_done_reg                       |   1|   0|    1|          0|
    |ap_enable_reg_pp0_iter0_reg       |   1|   0|    1|          0|
    |ap_enable_reg_pp0_iter1           |   1|   0|    1|          0|
    |ap_enable_reg_pp0_iter2           |   1|   0|    1|          0|
    |ap_loop_exit_ready_pp0_iter1_reg  |   1|   0|    1|          0|
    |icmp_ln36_reg_210                 |   1|   0|    1|          0|
    |icmp_ln36_reg_210_pp0_iter1_reg   |   1|   0|    1|          0|
    |in_a_store_data_load_reg_224      |  16|   0|   16|          0|
    |k_fu_60                           |   3|   0|    3|          0|
    |mult_acc_data_fu_64               |  16|   0|   16|          0|
    +----------------------------------+----+----+-----+-----------+
    |Total                             |  49|   0|   49|          0|
    +----------------------------------+----+----+-----+-----------+



================================================================
== Interface
================================================================
* Summary: 
+-----------------------------+-----+-----+------------+------------------------------------+--------------+
|          RTL Ports          | Dir | Bits|  Protocol  |            Source Object           |    C Type    |
+-----------------------------+-----+-----+------------+------------------------------------+--------------+
|ap_clk                       |   in|    1|  ap_ctrl_hs|  array_mult_Pipeline_MULT_ACC_LOOP6|  return value|
|ap_rst                       |   in|    1|  ap_ctrl_hs|  array_mult_Pipeline_MULT_ACC_LOOP6|  return value|
|ap_start                     |   in|    1|  ap_ctrl_hs|  array_mult_Pipeline_MULT_ACC_LOOP6|  return value|
|ap_done                      |  out|    1|  ap_ctrl_hs|  array_mult_Pipeline_MULT_ACC_LOOP6|  return value|
|ap_idle                      |  out|    1|  ap_ctrl_hs|  array_mult_Pipeline_MULT_ACC_LOOP6|  return value|
|ap_ready                     |  out|    1|  ap_ctrl_hs|  array_mult_Pipeline_MULT_ACC_LOOP6|  return value|
|j_8                          |   in|    5|     ap_none|                                 j_8|        scalar|
|in_a_store_data_address0     |  out|    5|   ap_memory|                     in_a_store_data|         array|
|in_a_store_data_ce0          |  out|    1|   ap_memory|                     in_a_store_data|         array|
|in_a_store_data_q0           |   in|   16|   ap_memory|                     in_a_store_data|         array|
|in_b_address0                |  out|    5|   ap_memory|                                in_b|         array|
|in_b_ce0                     |  out|    1|   ap_memory|                                in_b|         array|
|in_b_q0                      |   in|   16|   ap_memory|                                in_b|         array|
|mult_acc_data_12_out         |  out|   16|      ap_vld|                mult_acc_data_12_out|       pointer|
|mult_acc_data_12_out_ap_vld  |  out|    1|      ap_vld|                mult_acc_data_12_out|       pointer|
+-----------------------------+-----+-----+------------+------------------------------------+--------------+

============================================================
+ Verbose Summary: Synthesis Manager
============================================================
InlineROM: 1
ExposeGlobal: 0
============================================================
+ Verbose Summary: CDFG Model
============================================================
IsTopModel: 0
ResetActiveHigh: 1
IsCombinational: 2
IsDatapathOnly: 2
HasWiredReturn: 1
HasMFsm: 2
HasVarLatency: 1
IsPipeline: 0
IsRtlPipelined: 0
IsInstanceOverlapped: 0
IsDontTouch: 0
HasImplIP: 0
IsGatedGlobalClock: 0

+ Individual pipeline summary: 
  * Pipeline-0: initiation interval (II) = 2, depth = 6


============================================================
+ Verbose Summary: Schedule
============================================================
* Number of FSM states : 6
* Pipeline : 1
  Pipeline-0 : II = 2, D = 6, States = { 1 2 3 4 5 6 }
* Dataflow Pipeline: 0

* FSM state transitions: 
1 --> 2 
2 --> 3 
3 --> 4 
4 --> 5 
5 --> 6 
6 --> 

* FSM state operations: 

State 1 <SV = 0> <Delay = 5.69>
ST_1 : Operation 9 [1/1] (0.00ns)   --->   "%k = alloca i32 1" [../matrix_mult.cpp:21]   --->   Operation 9 'alloca' 'k' <Predicate = true> <Delay = 0.00>
ST_1 : Operation 10 [1/1] (0.00ns)   --->   "%mult_acc_data = alloca i32 1" [../matrix_mult.cpp:22]   --->   Operation 10 'alloca' 'mult_acc_data' <Predicate = true> <Delay = 0.00>
ST_1 : Operation 11 [1/1] (0.00ns)   --->   "%specmemcore_ln0 = specmemcore void @_ssdm_op_SpecMemCore, i16 %in_b, i64 666, i64 207, i64 1"   --->   Operation 11 'specmemcore' 'specmemcore_ln0' <Predicate = true> <Delay = 0.00>
ST_1 : Operation 12 [1/1] (0.00ns)   --->   "%specinterface_ln0 = specinterface void @_ssdm_op_SpecInterface, i16 %in_b, void @empty_5, i32 0, i32 0, void @empty_1, i32 1, i32 0, void @empty_1, void @empty_1, void @empty_1, i32 0, i32 0, i32 0, i32 0, void @empty_1, void @empty_1, i32 4294967295, i32 0, i32 0"   --->   Operation 12 'specinterface' 'specinterface_ln0' <Predicate = true> <Delay = 0.00>
ST_1 : Operation 13 [1/1] (0.00ns)   --->   "%j_8_read = read i5 @_ssdm_op_Read.ap_auto.i5, i5 %j_8"   --->   Operation 13 'read' 'j_8_read' <Predicate = true> <Delay = 0.00>
ST_1 : Operation 14 [1/1] (1.58ns)   --->   "%store_ln22 = store i16 0, i16 %mult_acc_data" [../matrix_mult.cpp:22]   --->   Operation 14 'store' 'store_ln22' <Predicate = true> <Delay = 1.58>
ST_1 : Operation 15 [1/1] (1.58ns)   --->   "%store_ln21 = store i3 0, i3 %k" [../matrix_mult.cpp:21]   --->   Operation 15 'store' 'store_ln21' <Predicate = true> <Delay = 1.58>
ST_1 : Operation 16 [1/1] (0.00ns)   --->   "%br_ln0 = br void %for.inc44.3.0"   --->   Operation 16 'br' 'br_ln0' <Predicate = true> <Delay = 0.00>
ST_1 : Operation 17 [1/1] (0.00ns)   --->   "%k_7 = load i3 %k" [../matrix_mult.cpp:36]   --->   Operation 17 'load' 'k_7' <Predicate = true> <Delay = 0.00>
ST_1 : Operation 18 [1/1] (1.65ns)   --->   "%icmp_ln36 = icmp_eq  i3 %k_7, i3 5" [../matrix_mult.cpp:36]   --->   Operation 18 'icmp' 'icmp_ln36' <Predicate = true> <Delay = 1.65> <CoreInst = "Cmp">   --->   Core 9 'Cmp' <Latency = 0> <II = 1> <Delay = 1.65> <FuncUnit> <Opcode : 'seteq' 'setne' 'setle' 'setge' 'setlt' 'setgt'> <InPorts = 2> <OutPorts = 1>
ST_1 : Operation 19 [1/1] (1.65ns)   --->   "%k_8 = add i3 %k_7, i3 1" [../matrix_mult.cpp:36]   --->   Operation 19 'add' 'k_8' <Predicate = true> <Delay = 1.65> <CoreInst = "Adder">   --->   Core 1 'Adder' <Latency = 0> <II = 1> <Delay = 1.65> <FuncUnit> <Opcode : 'add' 'sub'> <InPorts = 2> <OutPorts = 1>
ST_1 : Operation 20 [1/1] (0.00ns)   --->   "%br_ln36 = br i1 %icmp_ln36, void %for.inc44.3.0.split, void %for.inc47.3.0.exitStub" [../matrix_mult.cpp:36]   --->   Operation 20 'br' 'br_ln36' <Predicate = true> <Delay = 0.00>
ST_1 : Operation 21 [1/1] (0.00ns)   --->   "%zext_ln39 = zext i3 %k_7" [../matrix_mult.cpp:39]   --->   Operation 21 'zext' 'zext_ln39' <Predicate = (!icmp_ln36)> <Delay = 0.00>
ST_1 : Operation 22 [1/1] (1.78ns)   --->   "%add_ln39 = add i5 %zext_ln39, i5 15" [../matrix_mult.cpp:39]   --->   Operation 22 'add' 'add_ln39' <Predicate = (!icmp_ln36)> <Delay = 1.78> <CoreInst = "Adder">   --->   Core 1 'Adder' <Latency = 0> <II = 1> <Delay = 1.78> <FuncUnit> <Opcode : 'add' 'sub'> <InPorts = 2> <OutPorts = 1>
ST_1 : Operation 23 [1/1] (0.00ns)   --->   "%zext_ln39_7 = zext i5 %add_ln39" [../matrix_mult.cpp:39]   --->   Operation 23 'zext' 'zext_ln39_7' <Predicate = (!icmp_ln36)> <Delay = 0.00>
ST_1 : Operation 24 [1/1] (0.00ns)   --->   "%p_shl = bitconcatenate i5 @_ssdm_op_BitConcatenate.i5.i3.i2, i3 %k_7, i2 0" [../matrix_mult.cpp:39]   --->   Operation 24 'bitconcatenate' 'p_shl' <Predicate = (!icmp_ln36)> <Delay = 0.00>
ST_1 : Operation 25 [1/1] (0.00ns) (grouped into TernaryAdder)   --->   "%add_ln39_10 = add i5 %p_shl, i5 %zext_ln39" [../matrix_mult.cpp:39]   --->   Operation 25 'add' 'add_ln39_10' <Predicate = (!icmp_ln36)> <Delay = 0.00> <CoreInst = "TAddSub">   --->   Core 10 'TAddSub' <Latency = 0> <II = 1> <Delay = 1.70> <IPBlock> <Opcode : '' 'add' 'sub'> <InPorts = 3> <OutPorts = 1> <Sync> <CReg>
ST_1 : Operation 26 [1/1] (3.40ns) (root node of TernaryAdder)   --->   "%add_ln39_11 = add i5 %add_ln39_10, i5 %j_8_read" [../matrix_mult.cpp:39]   --->   Operation 26 'add' 'add_ln39_11' <Predicate = (!icmp_ln36)> <Delay = 3.40> <CoreInst = "TAddSub">   --->   Core 10 'TAddSub' <Latency = 0> <II = 1> <Delay = 1.70> <IPBlock> <Opcode : '' 'add' 'sub'> <InPorts = 3> <OutPorts = 1> <Sync> <CReg>
ST_1 : Operation 27 [1/1] (0.00ns)   --->   "%in_a_store_data_addr = getelementptr i16 %in_a_store_data, i64 0, i64 %zext_ln39_7" [../matrix_mult.cpp:39]   --->   Operation 27 'getelementptr' 'in_a_store_data_addr' <Predicate = (!icmp_ln36)> <Delay = 0.00>
ST_1 : Operation 28 [2/2] (2.32ns)   --->   "%in_a_store_data_load = load i5 %in_a_store_data_addr" [../matrix_mult.cpp:39]   --->   Operation 28 'load' 'in_a_store_data_load' <Predicate = (!icmp_ln36)> <Delay = 2.32> <CoreInst = "RAM">   --->   Core 81 'RAM' <Latency = 1> <II = 1> <Delay = 2.32> <Storage> <Opcode : 'load' 'store'> <Ports = 2> <Width = 16> <Depth = 25> <RAM>
ST_1 : Operation 29 [1/1] (1.58ns)   --->   "%store_ln21 = store i3 %k_8, i3 %k" [../matrix_mult.cpp:21]   --->   Operation 29 'store' 'store_ln21' <Predicate = (!icmp_ln36)> <Delay = 1.58>

State 2 <SV = 1> <Delay = 2.32>
ST_2 : Operation 30 [1/1] (0.00ns)   --->   "%zext_ln39_8 = zext i5 %add_ln39_11" [../matrix_mult.cpp:39]   --->   Operation 30 'zext' 'zext_ln39_8' <Predicate = (!icmp_ln36)> <Delay = 0.00>
ST_2 : Operation 31 [1/2] (2.32ns)   --->   "%in_a_store_data_load = load i5 %in_a_store_data_addr" [../matrix_mult.cpp:39]   --->   Operation 31 'load' 'in_a_store_data_load' <Predicate = (!icmp_ln36)> <Delay = 2.32> <CoreInst = "RAM">   --->   Core 81 'RAM' <Latency = 1> <II = 1> <Delay = 2.32> <Storage> <Opcode : 'load' 'store'> <Ports = 2> <Width = 16> <Depth = 25> <RAM>
ST_2 : Operation 32 [1/1] (0.00ns)   --->   "%in_b_addr = getelementptr i16 %in_b, i64 0, i64 %zext_ln39_8" [../matrix_mult.cpp:39]   --->   Operation 32 'getelementptr' 'in_b_addr' <Predicate = (!icmp_ln36)> <Delay = 0.00>
ST_2 : Operation 33 [2/2] (2.32ns)   --->   "%in_b_load = load i5 %in_b_addr" [../matrix_mult.cpp:39]   --->   Operation 33 'load' 'in_b_load' <Predicate = (!icmp_ln36)> <Delay = 2.32> <CoreInst = "RAM_1P">   --->   Core 85 'RAM_1P' <Latency = 1> <II = 1> <Delay = 2.32> <Storage> <Opcode : 'load' 'store'> <Ports = 1> <Width = 16> <Depth = 25> <RAM>

State 3 <SV = 2> <Delay = 3.37>
ST_3 : Operation 34 [1/2] (2.32ns)   --->   "%in_b_load = load i5 %in_b_addr" [../matrix_mult.cpp:39]   --->   Operation 34 'load' 'in_b_load' <Predicate = true> <Delay = 2.32> <CoreInst = "RAM_1P">   --->   Core 85 'RAM_1P' <Latency = 1> <II = 1> <Delay = 2.32> <Storage> <Opcode : 'load' 'store'> <Ports = 1> <Width = 16> <Depth = 25> <RAM>
ST_3 : Operation 35 [3/3] (1.05ns) (grouped into DSP with root node mult_acc_data_4)   --->   "%mul_ln39 = mul i16 %in_b_load, i16 %in_a_store_data_load" [../matrix_mult.cpp:39]   --->   Operation 35 'mul' 'mul_ln39' <Predicate = true> <Delay = 1.05> <CoreInst = "DSP48">   --->   Core 116 'DSP48' <Latency = 3> <II = 1> <Delay = 2.15> <IPBlock> <Opcode : '' 'add' 'sub' 'mul' 'select'> <InPorts = 0> <OutPorts = 1> <Sync> <CReg>

State 4 <SV = 3> <Delay = 1.58>
ST_4 : Operation 36 [2/3] (1.05ns) (grouped into DSP with root node mult_acc_data_4)   --->   "%mul_ln39 = mul i16 %in_b_load, i16 %in_a_store_data_load" [../matrix_mult.cpp:39]   --->   Operation 36 'mul' 'mul_ln39' <Predicate = true> <Delay = 1.05> <CoreInst = "DSP48">   --->   Core 116 'DSP48' <Latency = 3> <II = 1> <Delay = 2.15> <IPBlock> <Opcode : '' 'add' 'sub' 'mul' 'select'> <InPorts = 0> <OutPorts = 1> <Sync> <CReg>
ST_4 : Operation 46 [1/1] (0.00ns)   --->   "%mult_acc_data_load = load i16 %mult_acc_data"   --->   Operation 46 'load' 'mult_acc_data_load' <Predicate = (icmp_ln36)> <Delay = 0.00>
ST_4 : Operation 47 [1/1] (0.00ns)   --->   "%write_ln0 = write void @_ssdm_op_Write.ap_auto.i16P0A, i16 %mult_acc_data_12_out, i16 %mult_acc_data_load"   --->   Operation 47 'write' 'write_ln0' <Predicate = (icmp_ln36)> <Delay = 0.00>
ST_4 : Operation 48 [1/1] (1.58ns)   --->   "%ret_ln0 = ret"   --->   Operation 48 'ret' 'ret_ln0' <Predicate = (icmp_ln36)> <Delay = 1.58>

State 5 <SV = 4> <Delay = 2.10>
ST_5 : Operation 37 [1/1] (0.00ns)   --->   "%mult_acc_data_load_4 = load i16 %mult_acc_data" [../matrix_mult.cpp:39]   --->   Operation 37 'load' 'mult_acc_data_load_4' <Predicate = true> <Delay = 0.00>
ST_5 : Operation 38 [1/3] (0.00ns) (grouped into DSP with root node mult_acc_data_4)   --->   "%mul_ln39 = mul i16 %in_b_load, i16 %in_a_store_data_load" [../matrix_mult.cpp:39]   --->   Operation 38 'mul' 'mul_ln39' <Predicate = true> <Delay = 0.00> <CoreInst = "DSP48">   --->   Core 116 'DSP48' <Latency = 3> <II = 1> <Delay = 2.15> <IPBlock> <Opcode : '' 'add' 'sub' 'mul' 'select'> <InPorts = 0> <OutPorts = 1> <Sync> <CReg>
ST_5 : Operation 39 [2/2] (2.10ns) (root node of the DSP)   --->   "%mult_acc_data_4 = add i16 %mul_ln39, i16 %mult_acc_data_load_4" [../matrix_mult.cpp:39]   --->   Operation 39 'add' 'mult_acc_data_4' <Predicate = true> <Delay = 2.10> <CoreInst = "DSP48">   --->   Core 116 'DSP48' <Latency = 3> <II = 1> <Delay = 2.15> <IPBlock> <Opcode : '' 'add' 'sub' 'mul' 'select'> <InPorts = 0> <OutPorts = 1> <Sync> <CReg>

State 6 <SV = 5> <Delay = 3.68>
ST_6 : Operation 40 [1/1] (0.00ns)   --->   "%specpipeline_ln37 = specpipeline void @_ssdm_op_SpecPipeline, i32 2, i32 0, i32 0, i32 0, void @empty_1" [../matrix_mult.cpp:37]   --->   Operation 40 'specpipeline' 'specpipeline_ln37' <Predicate = true> <Delay = 0.00>
ST_6 : Operation 41 [1/1] (0.00ns)   --->   "%speclooptripcount_ln21 = speclooptripcount void @_ssdm_op_SpecLoopTripCount, i64 5, i64 5, i64 5" [../matrix_mult.cpp:21]   --->   Operation 41 'speclooptripcount' 'speclooptripcount_ln21' <Predicate = true> <Delay = 0.00>
ST_6 : Operation 42 [1/1] (0.00ns)   --->   "%specloopname_ln36 = specloopname void @_ssdm_op_SpecLoopName, void @empty_10" [../matrix_mult.cpp:36]   --->   Operation 42 'specloopname' 'specloopname_ln36' <Predicate = true> <Delay = 0.00>
ST_6 : Operation 43 [1/2] (2.10ns) (root node of the DSP)   --->   "%mult_acc_data_4 = add i16 %mul_ln39, i16 %mult_acc_data_load_4" [../matrix_mult.cpp:39]   --->   Operation 43 'add' 'mult_acc_data_4' <Predicate = true> <Delay = 2.10> <CoreInst = "DSP48">   --->   Core 116 'DSP48' <Latency = 3> <II = 1> <Delay = 2.15> <IPBlock> <Opcode : '' 'add' 'sub' 'mul' 'select'> <InPorts = 0> <OutPorts = 1> <Sync> <CReg>
ST_6 : Operation 44 [1/1] (1.58ns)   --->   "%store_ln22 = store i16 %mult_acc_data_4, i16 %mult_acc_data" [../matrix_mult.cpp:22]   --->   Operation 44 'store' 'store_ln22' <Predicate = true> <Delay = 1.58>
ST_6 : Operation 45 [1/1] (0.00ns)   --->   "%br_ln36 = br void %for.inc44.3.0" [../matrix_mult.cpp:36]   --->   Operation 45 'br' 'br_ln36' <Predicate = true> <Delay = 0.00>


============================================================
+ Verbose Summary: Binding
============================================================
STG Binding: 
---------------- STG Properties BEGIN ----------------
- Is combinational: 0
- Is one-state seq: 0
- Is datapath-only: 0
- Is pipelined: 0
- Is top level: 0
Port [ Return ] is wired: 1; IO mode=ap_ctrl_hs:ce=0
Port [ j_8]:  wired=1; compound=0; hidden=0; nouse=0; global=0; static=0; extern=0; dir=0; type=0; pingpong=0; private_global=0; IO mode=ap_none:ce=0
Port [ in_a_store_data]:  wired=1; compound=1; hidden=0; nouse=0; global=0; static=0; extern=0; dir=0; type=1; pingpong=0; private_global=0; MemPort=[13]; IO mode=ap_memory:ce=0
Port [ in_b]:  wired=1; compound=1; hidden=0; nouse=0; global=0; static=0; extern=0; dir=0; type=1; pingpong=0; private_global=0; MemPort=[1]; IO mode=ap_memory:ce=0
Port [ mult_acc_data_12_out]:  wired=1; compound=0; hidden=0; nouse=0; global=0; static=0; extern=0; dir=1; type=0; pingpong=0; private_global=0; IO mode=ap_vld:ce=0
---------------- STG Properties END ------------------

---------------- Datapath Model BEGIN ----------------

<LifeTime>
<method=bitvector/>
k                      (alloca           ) [ 0100000]
mult_acc_data          (alloca           ) [ 0111111]
specmemcore_ln0        (specmemcore      ) [ 0000000]
specinterface_ln0      (specinterface    ) [ 0000000]
j_8_read               (read             ) [ 0000000]
store_ln22             (store            ) [ 0000000]
store_ln21             (store            ) [ 0000000]
br_ln0                 (br               ) [ 0000000]
k_7                    (load             ) [ 0000000]
icmp_ln36              (icmp             ) [ 0111100]
k_8                    (add              ) [ 0000000]
br_ln36                (br               ) [ 0000000]
zext_ln39              (zext             ) [ 0000000]
add_ln39               (add              ) [ 0000000]
zext_ln39_7            (zext             ) [ 0000000]
p_shl                  (bitconcatenate   ) [ 0000000]
add_ln39_10            (add              ) [ 0000000]
add_ln39_11            (add              ) [ 0010000]
in_a_store_data_addr   (getelementptr    ) [ 0010000]
store_ln21             (store            ) [ 0000000]
zext_ln39_8            (zext             ) [ 0000000]
in_a_store_data_load   (load             ) [ 0111110]
in_b_addr              (getelementptr    ) [ 0101000]
in_b_load              (load             ) [ 0110110]
mult_acc_data_load_4   (load             ) [ 0010001]
mul_ln39               (mul              ) [ 0010001]
specpipeline_ln37      (specpipeline     ) [ 0000000]
speclooptripcount_ln21 (speclooptripcount) [ 0000000]
specloopname_ln36      (specloopname     ) [ 0000000]
mult_acc_data_4        (add              ) [ 0000000]
store_ln22             (store            ) [ 0000000]
br_ln36                (br               ) [ 0000000]
mult_acc_data_load     (load             ) [ 0000000]
write_ln0              (write            ) [ 0000000]
ret_ln0                (ret              ) [ 0000000]
</LifeTime>

<model>

<comp_list>
<comp id="0" class="1000" name="j_8">
<pin_list>
<pin id="1" dir="1" index="0" bw="1" slack="0"/>
</pin_list>
<bind>
<StgValue><ssdm name="j_8"/></StgValue>
</bind>
</comp>

<comp id="2" class="1000" name="in_a_store_data">
<pin_list>
<pin id="3" dir="1" index="0" bw="1" slack="0"/>
</pin_list>
<bind>
<StgValue><ssdm name="in_a_store_data"/><MemPortTyVec>1 3 </MemPortTyVec>
</StgValue>
</bind>
</comp>

<comp id="4" class="1000" name="in_b">
<pin_list>
<pin id="5" dir="1" index="0" bw="1" slack="0"/>
</pin_list>
<bind>
<StgValue><ssdm name="in_b"/><MemPortTyVec>1 </MemPortTyVec>
</StgValue>
</bind>
</comp>

<comp id="6" class="1000" name="mult_acc_data_12_out">
<pin_list>
<pin id="7" dir="1" index="0" bw="1" slack="0"/>
</pin_list>
<bind>
<StgValue><ssdm name="mult_acc_data_12_out"/></StgValue>
</bind>
</comp>

<comp id="8" class="1001" name="const_8">
<pin_list>
<pin id="9" dir="1" index="0" bw="1" slack="0"/>
</pin_list>
<bind>
<StgValue><ssdm name=""/></StgValue>
</bind>
</comp>

<comp id="10" class="1001" name="const_10">
<pin_list>
<pin id="11" dir="1" index="0" bw="1" slack="2147483647"/>
</pin_list>
<bind>
<StgValue><ssdm name="_ssdm_op_SpecMemCore"/></StgValue>
</bind>
</comp>

<comp id="12" class="1001" name="const_12">
<pin_list>
<pin id="13" dir="1" index="0" bw="1" slack="2147483647"/>
</pin_list>
<bind>
<StgValue><ssdm name=""/></StgValue>
</bind>
</comp>

<comp id="14" class="1001" name="const_14">
<pin_list>
<pin id="15" dir="1" index="0" bw="1" slack="2147483647"/>
</pin_list>
<bind>
<StgValue><ssdm name=""/></StgValue>
</bind>
</comp>

<comp id="16" class="1001" name="const_16">
<pin_list>
<pin id="17" dir="1" index="0" bw="1" slack="2147483647"/>
</pin_list>
<bind>
<StgValue><ssdm name=""/></StgValue>
</bind>
</comp>

<comp id="18" class="1001" name="const_18">
<pin_list>
<pin id="19" dir="1" index="0" bw="1" slack="2147483647"/>
</pin_list>
<bind>
<StgValue><ssdm name="_ssdm_op_SpecInterface"/></StgValue>
</bind>
</comp>

<comp id="20" class="1001" name="const_20">
<pin_list>
<pin id="21" dir="1" index="0" bw="1" slack="2147483647"/>
</pin_list>
<bind>
<StgValue><ssdm name="empty_5"/></StgValue>
</bind>
</comp>

<comp id="22" class="1001" name="const_22">
<pin_list>
<pin id="23" dir="1" index="0" bw="1" slack="2147483647"/>
</pin_list>
<bind>
<StgValue><ssdm name=""/></StgValue>
</bind>
</comp>

<comp id="24" class="1001" name="const_24">
<pin_list>
<pin id="25" dir="1" index="0" bw="1" slack="2147483647"/>
</pin_list>
<bind>
<StgValue><ssdm name="empty_1"/></StgValue>
</bind>
</comp>

<comp id="26" class="1001" name="const_26">
<pin_list>
<pin id="27" dir="1" index="0" bw="1" slack="2147483647"/>
</pin_list>
<bind>
<StgValue><ssdm name=""/></StgValue>
</bind>
</comp>

<comp id="28" class="1001" name="const_28">
<pin_list>
<pin id="29" dir="1" index="0" bw="1" slack="0"/>
</pin_list>
<bind>
<StgValue><ssdm name="_ssdm_op_Read.ap_auto.i5"/></StgValue>
</bind>
</comp>

<comp id="30" class="1001" name="const_30">
<pin_list>
<pin id="31" dir="1" index="0" bw="1" slack="0"/>
</pin_list>
<bind>
<StgValue><ssdm name=""/></StgValue>
</bind>
</comp>

<comp id="32" class="1001" name="const_32">
<pin_list>
<pin id="33" dir="1" index="0" bw="1" slack="0"/>
</pin_list>
<bind>
<StgValue><ssdm name=""/></StgValue>
</bind>
</comp>

<comp id="34" class="1001" name="const_34">
<pin_list>
<pin id="35" dir="1" index="0" bw="1" slack="0"/>
</pin_list>
<bind>
<StgValue><ssdm name=""/></StgValue>
</bind>
</comp>

<comp id="36" class="1001" name="const_36">
<pin_list>
<pin id="37" dir="1" index="0" bw="1" slack="0"/>
</pin_list>
<bind>
<StgValue><ssdm name=""/></StgValue>
</bind>
</comp>

<comp id="38" class="1001" name="const_38">
<pin_list>
<pin id="39" dir="1" index="0" bw="1" slack="0"/>
</pin_list>
<bind>
<StgValue><ssdm name=""/></StgValue>
</bind>
</comp>

<comp id="40" class="1001" name="const_40">
<pin_list>
<pin id="41" dir="1" index="0" bw="1" slack="0"/>
</pin_list>
<bind>
<StgValue><ssdm name="_ssdm_op_BitConcatenate.i5.i3.i2"/></StgValue>
</bind>
</comp>

<comp id="42" class="1001" name="const_42">
<pin_list>
<pin id="43" dir="1" index="0" bw="1" slack="0"/>
</pin_list>
<bind>
<StgValue><ssdm name=""/></StgValue>
</bind>
</comp>

<comp id="44" class="1001" name="const_44">
<pin_list>
<pin id="45" dir="1" index="0" bw="1" slack="0"/>
</pin_list>
<bind>
<StgValue><ssdm name=""/></StgValue>
</bind>
</comp>

<comp id="46" class="1001" name="const_46">
<pin_list>
<pin id="47" dir="1" index="0" bw="1" slack="2147483647"/>
</pin_list>
<bind>
<StgValue><ssdm name="_ssdm_op_SpecPipeline"/></StgValue>
</bind>
</comp>

<comp id="48" class="1001" name="const_48">
<pin_list>
<pin id="49" dir="1" index="0" bw="1" slack="2147483647"/>
</pin_list>
<bind>
<StgValue><ssdm name=""/></StgValue>
</bind>
</comp>

<comp id="50" class="1001" name="const_50">
<pin_list>
<pin id="51" dir="1" index="0" bw="1" slack="2147483647"/>
</pin_list>
<bind>
<StgValue><ssdm name="_ssdm_op_SpecLoopTripCount"/></StgValue>
</bind>
</comp>

<comp id="52" class="1001" name="const_52">
<pin_list>
<pin id="53" dir="1" index="0" bw="1" slack="2147483647"/>
</pin_list>
<bind>
<StgValue><ssdm name=""/></StgValue>
</bind>
</comp>

<comp id="54" class="1001" name="const_54">
<pin_list>
<pin id="55" dir="1" index="0" bw="1" slack="2147483647"/>
</pin_list>
<bind>
<StgValue><ssdm name="_ssdm_op_SpecLoopName"/></StgValue>
</bind>
</comp>

<comp id="56" class="1001" name="const_56">
<pin_list>
<pin id="57" dir="1" index="0" bw="1" slack="2147483647"/>
</pin_list>
<bind>
<StgValue><ssdm name="empty_10"/></StgValue>
</bind>
</comp>

<comp id="58" class="1001" name="const_58">
<pin_list>
<pin id="59" dir="1" index="0" bw="1" slack="0"/>
</pin_list>
<bind>
<StgValue><ssdm name="_ssdm_op_Write.ap_auto.i16P0A"/></StgValue>
</bind>
</comp>

<comp id="60" class="1004" name="k_fu_60">
<pin_list>
<pin id="61" dir="0" index="0" bw="1" slack="0"/>
<pin id="62" dir="1" index="1" bw="3" slack="0"/>
</pin_list>
<bind>
<opcode="alloca(26) " fcode="alloca"/>
<opset="k/1 "/>
</bind>
</comp>

<comp id="64" class="1004" name="mult_acc_data_fu_64">
<pin_list>
<pin id="65" dir="0" index="0" bw="1" slack="0"/>
<pin id="66" dir="1" index="1" bw="16" slack="0"/>
</pin_list>
<bind>
<opcode="alloca(26) " fcode="alloca"/>
<opset="mult_acc_data/1 "/>
</bind>
</comp>

<comp id="68" class="1004" name="j_8_read_read_fu_68">
<pin_list>
<pin id="69" dir="0" index="0" bw="5" slack="0"/>
<pin id="70" dir="0" index="1" bw="5" slack="0"/>
<pin id="71" dir="1" index="2" bw="5" slack="0"/>
</pin_list>
<bind>
<opcode="read(1150) " fcode="read"/>
<opset="j_8_read/1 "/>
</bind>
</comp>

<comp id="74" class="1004" name="write_ln0_write_fu_74">
<pin_list>
<pin id="75" dir="0" index="0" bw="0" slack="0"/>
<pin id="76" dir="0" index="1" bw="16" slack="0"/>
<pin id="77" dir="0" index="2" bw="16" slack="0"/>
<pin id="78" dir="1" index="3" bw="0" slack="2147483647"/>
</pin_list>
<bind>
<opcode="write(1151) " fcode="write"/>
<opset="write_ln0/4 "/>
</bind>
</comp>

<comp id="81" class="1004" name="in_a_store_data_addr_gep_fu_81">
<pin_list>
<pin id="82" dir="0" index="0" bw="16" slack="0"/>
<pin id="83" dir="0" index="1" bw="1" slack="0"/>
<pin id="84" dir="0" index="2" bw="5" slack="0"/>
<pin id="85" dir="1" index="3" bw="5" slack="0"/>
</pin_list>
<bind>
<opcode="getelementptr(29) " fcode="getelementptr"/>
<opset="in_a_store_data_addr/1 "/>
</bind>
</comp>

<comp id="88" class="1004" name="grp_access_fu_88">
<pin_list>
<pin id="89" dir="0" index="0" bw="5" slack="0"/>
<pin id="90" dir="0" index="1" bw="16" slack="2147483647"/>
<pin id="91" dir="0" index="2" bw="0" slack="2147483647"/>
<pin id="92" dir="1" index="3" bw="16" slack="1"/>
</pin_list>
<bind>
<opcode="load(27) " fcode="load"/>
<opset="in_a_store_data_load/1 "/>
</bind>
</comp>

<comp id="94" class="1004" name="in_b_addr_gep_fu_94">
<pin_list>
<pin id="95" dir="0" index="0" bw="16" slack="0"/>
<pin id="96" dir="0" index="1" bw="1" slack="0"/>
<pin id="97" dir="0" index="2" bw="5" slack="0"/>
<pin id="98" dir="1" index="3" bw="5" slack="0"/>
</pin_list>
<bind>
<opcode="getelementptr(29) " fcode="getelementptr"/>
<opset="in_b_addr/2 "/>
</bind>
</comp>

<comp id="101" class="1004" name="grp_access_fu_101">
<pin_list>
<pin id="102" dir="0" index="0" bw="5" slack="0"/>
<pin id="103" dir="0" index="1" bw="16" slack="2147483647"/>
<pin id="104" dir="0" index="2" bw="0" slack="2147483647"/>
<pin id="105" dir="1" index="3" bw="16" slack="0"/>
</pin_list>
<bind>
<opcode="load(27) " fcode="load"/>
<opset="in_b_load/2 "/>
</bind>
</comp>

<comp id="107" class="1004" name="store_ln22_store_fu_107">
<pin_list>
<pin id="108" dir="0" index="0" bw="1" slack="0"/>
<pin id="109" dir="0" index="1" bw="16" slack="0"/>
<pin id="110" dir="1" index="2" bw="0" slack="2147483647"/>
</pin_list>
<bind>
<opcode="store(28) " fcode="store"/>
<opset="store_ln22/1 "/>
</bind>
</comp>

<comp id="112" class="1004" name="store_ln21_store_fu_112">
<pin_list>
<pin id="113" dir="0" index="0" bw="1" slack="0"/>
<pin id="114" dir="0" index="1" bw="3" slack="0"/>
<pin id="115" dir="1" index="2" bw="0" slack="2147483647"/>
</pin_list>
<bind>
<opcode="store(28) " fcode="store"/>
<opset="store_ln21/1 "/>
</bind>
</comp>

<comp id="117" class="1004" name="k_7_load_fu_117">
<pin_list>
<pin id="118" dir="0" index="0" bw="3" slack="0"/>
<pin id="119" dir="1" index="1" bw="3" slack="0"/>
</pin_list>
<bind>
<opcode="load(27) " fcode="load"/>
<opset="k_7/1 "/>
</bind>
</comp>

<comp id="120" class="1004" name="icmp_ln36_fu_120">
<pin_list>
<pin id="121" dir="0" index="0" bw="3" slack="0"/>
<pin id="122" dir="0" index="1" bw="3" slack="0"/>
<pin id="123" dir="1" index="2" bw="1" slack="1"/>
</pin_list>
<bind>
<opcode="icmp(45) " fcode="icmp"/>
<opset="icmp_ln36/1 "/>
</bind>
</comp>

<comp id="126" class="1004" name="k_8_fu_126">
<pin_list>
<pin id="127" dir="0" index="0" bw="3" slack="0"/>
<pin id="128" dir="0" index="1" bw="1" slack="0"/>
<pin id="129" dir="1" index="2" bw="3" slack="0"/>
</pin_list>
<bind>
<opcode="add(8) " fcode="add"/>
<opset="k_8/1 "/>
</bind>
</comp>

<comp id="132" class="1004" name="zext_ln39_fu_132">
<pin_list>
<pin id="133" dir="0" index="0" bw="3" slack="0"/>
<pin id="134" dir="1" index="1" bw="5" slack="0"/>
</pin_list>
<bind>
<opcode="zext(34) " fcode="zext"/>
<opset="zext_ln39/1 "/>
</bind>
</comp>

<comp id="136" class="1004" name="add_ln39_fu_136">
<pin_list>
<pin id="137" dir="0" index="0" bw="3" slack="0"/>
<pin id="138" dir="0" index="1" bw="5" slack="0"/>
<pin id="139" dir="1" index="2" bw="5" slack="0"/>
</pin_list>
<bind>
<opcode="add(8) " fcode="add"/>
<opset="add_ln39/1 "/>
</bind>
</comp>

<comp id="142" class="1004" name="zext_ln39_7_fu_142">
<pin_list>
<pin id="143" dir="0" index="0" bw="5" slack="0"/>
<pin id="144" dir="1" index="1" bw="64" slack="0"/>
</pin_list>
<bind>
<opcode="zext(34) " fcode="zext"/>
<opset="zext_ln39_7/1 "/>
</bind>
</comp>

<comp id="147" class="1004" name="p_shl_fu_147">
<pin_list>
<pin id="148" dir="0" index="0" bw="5" slack="0"/>
<pin id="149" dir="0" index="1" bw="3" slack="0"/>
<pin id="150" dir="0" index="2" bw="1" slack="0"/>
<pin id="151" dir="1" index="3" bw="5" slack="0"/>
</pin_list>
<bind>
<opcode="bitconcatenate(1004) " fcode="bitconcatenate"/>
<opset="p_shl/1 "/>
</bind>
</comp>

<comp id="155" class="1004" name="add_ln39_10_fu_155">
<pin_list>
<pin id="156" dir="0" index="0" bw="5" slack="0"/>
<pin id="157" dir="0" index="1" bw="3" slack="0"/>
<pin id="158" dir="1" index="2" bw="5" slack="0"/>
</pin_list>
<bind>
<opcode="add(8) " fcode="add"/>
<opset="add_ln39_10/1 "/>
</bind>
</comp>

<comp id="161" class="1004" name="add_ln39_11_fu_161">
<pin_list>
<pin id="162" dir="0" index="0" bw="5" slack="0"/>
<pin id="163" dir="0" index="1" bw="5" slack="0"/>
<pin id="164" dir="1" index="2" bw="5" slack="1"/>
</pin_list>
<bind>
<opcode="add(8) " fcode="add"/>
<opset="add_ln39_11/1 "/>
</bind>
</comp>

<comp id="167" class="1004" name="store_ln21_store_fu_167">
<pin_list>
<pin id="168" dir="0" index="0" bw="3" slack="0"/>
<pin id="169" dir="0" index="1" bw="3" slack="0"/>
<pin id="170" dir="1" index="2" bw="0" slack="2147483647"/>
</pin_list>
<bind>
<opcode="store(28) " fcode="store"/>
<opset="store_ln21/1 "/>
</bind>
</comp>

<comp id="172" class="1004" name="zext_ln39_8_fu_172">
<pin_list>
<pin id="173" dir="0" index="0" bw="5" slack="1"/>
<pin id="174" dir="1" index="1" bw="64" slack="0"/>
</pin_list>
<bind>
<opcode="zext(34) " fcode="zext"/>
<opset="zext_ln39_8/2 "/>
</bind>
</comp>

<comp id="176" class="1004" name="mult_acc_data_load_4_load_fu_176">
<pin_list>
<pin id="177" dir="0" index="0" bw="16" slack="4"/>
<pin id="178" dir="1" index="1" bw="16" slack="0"/>
</pin_list>
<bind>
<opcode="load(27) " fcode="load"/>
<opset="mult_acc_data_load_4/5 "/>
</bind>
</comp>

<comp id="179" class="1004" name="store_ln22_store_fu_179">
<pin_list>
<pin id="180" dir="0" index="0" bw="16" slack="0"/>
<pin id="181" dir="0" index="1" bw="16" slack="5"/>
<pin id="182" dir="1" index="2" bw="0" slack="2147483647"/>
</pin_list>
<bind>
<opcode="store(28) " fcode="store"/>
<opset="store_ln22/6 "/>
</bind>
</comp>

<comp id="183" class="1004" name="mult_acc_data_load_load_fu_183">
<pin_list>
<pin id="184" dir="0" index="0" bw="16" slack="3"/>
<pin id="185" dir="1" index="1" bw="16" slack="0"/>
</pin_list>
<bind>
<opcode="load(27) " fcode="load"/>
<opset="mult_acc_data_load/4 "/>
</bind>
</comp>

<comp id="187" class="1007" name="grp_fu_187">
<pin_list>
<pin id="188" dir="0" index="0" bw="16" slack="0"/>
<pin id="189" dir="0" index="1" bw="16" slack="1"/>
<pin id="190" dir="0" index="2" bw="16" slack="0"/>
<pin id="191" dir="1" index="3" bw="16" slack="0"/>
</pin_list>
<bind>
<opcode="muladd(1172) " fcode="muladd"/>
<opset="mul_ln39/3 mult_acc_data_4/5 "/>
</bind>
</comp>

<comp id="195" class="1005" name="k_reg_195">
<pin_list>
<pin id="196" dir="0" index="0" bw="3" slack="0"/>
<pin id="197" dir="1" index="1" bw="3" slack="0"/>
</pin_list>
<bind>
<opset="k "/>
</bind>
</comp>

<comp id="202" class="1005" name="mult_acc_data_reg_202">
<pin_list>
<pin id="203" dir="0" index="0" bw="16" slack="0"/>
<pin id="204" dir="1" index="1" bw="16" slack="0"/>
</pin_list>
<bind>
<opset="mult_acc_data "/>
</bind>
</comp>

<comp id="210" class="1005" name="icmp_ln36_reg_210">
<pin_list>
<pin id="211" dir="0" index="0" bw="1" slack="1"/>
<pin id="212" dir="1" index="1" bw="1" slack="2147483647"/>
</pin_list>
<bind>
<opset="icmp_ln36 "/>
</bind>
</comp>

<comp id="214" class="1005" name="add_ln39_11_reg_214">
<pin_list>
<pin id="215" dir="0" index="0" bw="5" slack="1"/>
<pin id="216" dir="1" index="1" bw="5" slack="1"/>
</pin_list>
<bind>
<opset="add_ln39_11 "/>
</bind>
</comp>

<comp id="219" class="1005" name="in_a_store_data_addr_reg_219">
<pin_list>
<pin id="220" dir="0" index="0" bw="5" slack="1"/>
<pin id="221" dir="1" index="1" bw="5" slack="1"/>
</pin_list>
<bind>
<opset="in_a_store_data_addr "/>
</bind>
</comp>

<comp id="224" class="1005" name="in_a_store_data_load_reg_224">
<pin_list>
<pin id="225" dir="0" index="0" bw="16" slack="1"/>
<pin id="226" dir="1" index="1" bw="16" slack="1"/>
</pin_list>
<bind>
<opset="in_a_store_data_load "/>
</bind>
</comp>

<comp id="229" class="1005" name="in_b_addr_reg_229">
<pin_list>
<pin id="230" dir="0" index="0" bw="5" slack="1"/>
<pin id="231" dir="1" index="1" bw="5" slack="1"/>
</pin_list>
<bind>
<opset="in_b_addr "/>
</bind>
</comp>

<comp id="234" class="1005" name="in_b_load_reg_234">
<pin_list>
<pin id="235" dir="0" index="0" bw="16" slack="1"/>
<pin id="236" dir="1" index="1" bw="16" slack="1"/>
</pin_list>
<bind>
<opset="in_b_load "/>
</bind>
</comp>

<comp id="239" class="1005" name="mult_acc_data_load_4_reg_239">
<pin_list>
<pin id="240" dir="0" index="0" bw="16" slack="1"/>
<pin id="241" dir="1" index="1" bw="16" slack="1"/>
</pin_list>
<bind>
<opset="mult_acc_data_load_4 "/>
</bind>
</comp>

</comp_list>

<net_list>
<net id="63"><net_src comp="8" pin="0"/><net_sink comp="60" pin=0"/></net>

<net id="67"><net_src comp="8" pin="0"/><net_sink comp="64" pin=0"/></net>

<net id="72"><net_src comp="28" pin="0"/><net_sink comp="68" pin=0"/></net>

<net id="73"><net_src comp="0" pin="0"/><net_sink comp="68" pin=1"/></net>

<net id="79"><net_src comp="58" pin="0"/><net_sink comp="74" pin=0"/></net>

<net id="80"><net_src comp="6" pin="0"/><net_sink comp="74" pin=1"/></net>

<net id="86"><net_src comp="2" pin="0"/><net_sink comp="81" pin=0"/></net>

<net id="87"><net_src comp="44" pin="0"/><net_sink comp="81" pin=1"/></net>

<net id="93"><net_src comp="81" pin="3"/><net_sink comp="88" pin=0"/></net>

<net id="99"><net_src comp="4" pin="0"/><net_sink comp="94" pin=0"/></net>

<net id="100"><net_src comp="44" pin="0"/><net_sink comp="94" pin=1"/></net>

<net id="106"><net_src comp="94" pin="3"/><net_sink comp="101" pin=0"/></net>

<net id="111"><net_src comp="30" pin="0"/><net_sink comp="107" pin=0"/></net>

<net id="116"><net_src comp="32" pin="0"/><net_sink comp="112" pin=0"/></net>

<net id="124"><net_src comp="117" pin="1"/><net_sink comp="120" pin=0"/></net>

<net id="125"><net_src comp="34" pin="0"/><net_sink comp="120" pin=1"/></net>

<net id="130"><net_src comp="117" pin="1"/><net_sink comp="126" pin=0"/></net>

<net id="131"><net_src comp="36" pin="0"/><net_sink comp="126" pin=1"/></net>

<net id="135"><net_src comp="117" pin="1"/><net_sink comp="132" pin=0"/></net>

<net id="140"><net_src comp="132" pin="1"/><net_sink comp="136" pin=0"/></net>

<net id="141"><net_src comp="38" pin="0"/><net_sink comp="136" pin=1"/></net>

<net id="145"><net_src comp="136" pin="2"/><net_sink comp="142" pin=0"/></net>

<net id="146"><net_src comp="142" pin="1"/><net_sink comp="81" pin=2"/></net>

<net id="152"><net_src comp="40" pin="0"/><net_sink comp="147" pin=0"/></net>

<net id="153"><net_src comp="117" pin="1"/><net_sink comp="147" pin=1"/></net>

<net id="154"><net_src comp="42" pin="0"/><net_sink comp="147" pin=2"/></net>

<net id="159"><net_src comp="147" pin="3"/><net_sink comp="155" pin=0"/></net>

<net id="160"><net_src comp="132" pin="1"/><net_sink comp="155" pin=1"/></net>

<net id="165"><net_src comp="155" pin="2"/><net_sink comp="161" pin=0"/></net>

<net id="166"><net_src comp="68" pin="2"/><net_sink comp="161" pin=1"/></net>

<net id="171"><net_src comp="126" pin="2"/><net_sink comp="167" pin=0"/></net>

<net id="175"><net_src comp="172" pin="1"/><net_sink comp="94" pin=2"/></net>

<net id="186"><net_src comp="183" pin="1"/><net_sink comp="74" pin=2"/></net>

<net id="192"><net_src comp="101" pin="3"/><net_sink comp="187" pin=0"/></net>

<net id="193"><net_src comp="176" pin="1"/><net_sink comp="187" pin=2"/></net>

<net id="194"><net_src comp="187" pin="3"/><net_sink comp="179" pin=0"/></net>

<net id="198"><net_src comp="60" pin="1"/><net_sink comp="195" pin=0"/></net>

<net id="199"><net_src comp="195" pin="1"/><net_sink comp="112" pin=1"/></net>

<net id="200"><net_src comp="195" pin="1"/><net_sink comp="117" pin=0"/></net>

<net id="201"><net_src comp="195" pin="1"/><net_sink comp="167" pin=1"/></net>

<net id="205"><net_src comp="64" pin="1"/><net_sink comp="202" pin=0"/></net>

<net id="206"><net_src comp="202" pin="1"/><net_sink comp="107" pin=1"/></net>

<net id="207"><net_src comp="202" pin="1"/><net_sink comp="176" pin=0"/></net>

<net id="208"><net_src comp="202" pin="1"/><net_sink comp="179" pin=1"/></net>

<net id="209"><net_src comp="202" pin="1"/><net_sink comp="183" pin=0"/></net>

<net id="213"><net_src comp="120" pin="2"/><net_sink comp="210" pin=0"/></net>

<net id="217"><net_src comp="161" pin="2"/><net_sink comp="214" pin=0"/></net>

<net id="218"><net_src comp="214" pin="1"/><net_sink comp="172" pin=0"/></net>

<net id="222"><net_src comp="81" pin="3"/><net_sink comp="219" pin=0"/></net>

<net id="223"><net_src comp="219" pin="1"/><net_sink comp="88" pin=0"/></net>

<net id="227"><net_src comp="88" pin="3"/><net_sink comp="224" pin=0"/></net>

<net id="228"><net_src comp="224" pin="1"/><net_sink comp="187" pin=1"/></net>

<net id="232"><net_src comp="94" pin="3"/><net_sink comp="229" pin=0"/></net>

<net id="233"><net_src comp="229" pin="1"/><net_sink comp="101" pin=0"/></net>

<net id="237"><net_src comp="101" pin="3"/><net_sink comp="234" pin=0"/></net>

<net id="238"><net_src comp="234" pin="1"/><net_sink comp="187" pin=0"/></net>

<net id="242"><net_src comp="176" pin="1"/><net_sink comp="239" pin=0"/></net>

<net id="243"><net_src comp="239" pin="1"/><net_sink comp="187" pin=1"/></net>

</net_list>

</model> 
---------------- Datapath Model END ------------------

* FSMD analyzer results:
  - Output states:
	Port: in_b | {}
	Port: mult_acc_data_12_out | {4 }
 - Input state : 
	Port: array_mult_Pipeline_MULT_ACC_LOOP6 : j_8 | {1 }
	Port: array_mult_Pipeline_MULT_ACC_LOOP6 : in_a_store_data | {1 2 }
	Port: array_mult_Pipeline_MULT_ACC_LOOP6 : in_b | {2 3 }
  - Chain level:
	State 1
		store_ln22 : 1
		store_ln21 : 1
		k_7 : 1
		icmp_ln36 : 2
		k_8 : 2
		br_ln36 : 3
		zext_ln39 : 2
		add_ln39 : 3
		zext_ln39_7 : 4
		p_shl : 2
		add_ln39_10 : 3
		add_ln39_11 : 4
		in_a_store_data_addr : 5
		in_a_store_data_load : 6
		store_ln21 : 3
	State 2
		in_b_addr : 1
		in_b_load : 2
	State 3
		mul_ln39 : 1
	State 4
		write_ln0 : 1
	State 5
		mult_acc_data_4 : 1
	State 6
		store_ln22 : 1


============================================================
+ Verbose Summary: Datapath Resource usage 
============================================================

* Functional unit list:
|----------|-----------------------|---------|---------|---------|
| Operation|    Functional Unit    |   DSP   |    FF   |   LUT   |
|----------|-----------------------|---------|---------|---------|
|          |       k_8_fu_126      |    0    |    0    |    11   |
|    add   |    add_ln39_fu_136    |    0    |    0    |    13   |
|          |   add_ln39_10_fu_155  |    0    |    0    |    7    |
|          |   add_ln39_11_fu_161  |    0    |    0    |    7    |
|----------|-----------------------|---------|---------|---------|
|   icmp   |    icmp_ln36_fu_120   |    0    |    0    |    11   |
|----------|-----------------------|---------|---------|---------|
|  muladd  |       grp_fu_187      |    1    |    0    |    0    |
|----------|-----------------------|---------|---------|---------|
|   read   |  j_8_read_read_fu_68  |    0    |    0    |    0    |
|----------|-----------------------|---------|---------|---------|
|   write  | write_ln0_write_fu_74 |    0    |    0    |    0    |
|----------|-----------------------|---------|---------|---------|
|          |    zext_ln39_fu_132   |    0    |    0    |    0    |
|   zext   |   zext_ln39_7_fu_142  |    0    |    0    |    0    |
|          |   zext_ln39_8_fu_172  |    0    |    0    |    0    |
|----------|-----------------------|---------|---------|---------|
|bitconcatenate|      p_shl_fu_147     |    0    |    0    |    0    |
|----------|-----------------------|---------|---------|---------|
|   Total  |                       |    1    |    0    |    49   |
|----------|-----------------------|---------|---------|---------|

Memories:
N/A

* Register list:
+----------------------------+--------+
|                            |   FF   |
+----------------------------+--------+
|     add_ln39_11_reg_214    |    5   |
|      icmp_ln36_reg_210     |    1   |
|in_a_store_data_addr_reg_219|    5   |
|in_a_store_data_load_reg_224|   16   |
|      in_b_addr_reg_229     |    5   |
|      in_b_load_reg_234     |   16   |
|          k_reg_195         |    3   |
|mult_acc_data_load_4_reg_239|   16   |
|    mult_acc_data_reg_202   |   16   |
+----------------------------+--------+
|            Total           |   83   |
+----------------------------+--------+

* Multiplexer (MUX) list: 
|-------------------|------|------|------|--------||---------||---------||---------|
|        Comp       |  Pin | Size |  BW  | S x BW ||  Delay  ||    FF   ||   LUT   |
|-------------------|------|------|------|--------||---------||---------||---------|
|  grp_access_fu_88 |  p0  |   2  |   5  |   10   ||    0    ||    9    |
| grp_access_fu_101 |  p0  |   2  |   5  |   10   ||    0    ||    9    |
|     grp_fu_187    |  p0  |   2  |  16  |   32   ||    0    ||    9    |
|     grp_fu_187    |  p1  |   2  |  16  |   32   ||    0    ||    9    |
|-------------------|------|------|------|--------||---------||---------||---------|
|       Total       |      |      |      |   84   ||  6.352  ||    0    ||    36   |
|-------------------|------|------|------|--------||---------||---------||---------|



* Summary:
+-----------+--------+--------+--------+--------+
|           |   DSP  |  Delay |   FF   |   LUT  |
+-----------+--------+--------+--------+--------+
|  Function |    1   |    -   |    0   |   49   |
|   Memory  |    -   |    -   |    -   |    -   |
|Multiplexer|    -   |    6   |    0   |   36   |
|  Register |    -   |    -   |   83   |    -   |
+-----------+--------+--------+--------+--------+
|   Total   |    1   |    6   |   83   |   85   |
+-----------+--------+--------+--------+--------+
