C:\repos\FPGA\lab2\mat_mult\array_mult\hls\.autopilot\db\matrix_mult.pp.0.cpp:1316:7: warning: Added loop label VITIS_LOOP_1223_1:   [xilinx-label-all-loops]
      for (i = 0; i < __N - 1; ++i) {
      ^~~
      VITIS_LOOP_1223_1: 
C:\repos\FPGA\lab2\mat_mult\array_mult\hls\.autopilot\db\matrix_mult.pp.0.cpp:1316:7: note: FIX-IT applied suggested code changes
C:\repos\FPGA\lab2\mat_mult\array_mult\hls\.autopilot\db\matrix_mult.pp.0.cpp:2290:5: warning: Added loop label VITIS_LOOP_676_1:   [xilinx-label-all-loops]
    for (unsigned i = low; i != high; ++i) {
    ^~~
    VITIS_LOOP_676_1: 
C:\repos\FPGA\lab2\mat_mult\array_mult\hls\.autopilot\db\matrix_mult.pp.0.cpp:2290:5: note: FIX-IT applied suggested code changes
C:\repos\FPGA\lab2\mat_mult\array_mult\hls\.autopilot\db\matrix_mult.pp.0.cpp:2304:5: warning: Added loop label VITIS_LOOP_690_1:   [xilinx-label-all-loops]
    for (unsigned i = low; i != high; ++i) {
    ^~~
    VITIS_LOOP_690_1: 
C:\repos\FPGA\lab2\mat_mult\array_mult\hls\.autopilot\db\matrix_mult.pp.0.cpp:2304:5: note: FIX-IT applied suggested code changes
C:\repos\FPGA\lab2\mat_mult\array_mult\hls\.autopilot\db\matrix_mult.pp.0.cpp:2318:5: warning: Added loop label VITIS_LOOP_704_1:   [xilinx-label-all-loops]
    for (unsigned i = low; i != high; ++i) {
    ^~~
    VITIS_LOOP_704_1: 
C:\repos\FPGA\lab2\mat_mult\array_mult\hls\.autopilot\db\matrix_mult.pp.0.cpp:2318:5: note: FIX-IT applied suggested code changes
C:\repos\FPGA\lab2\mat_mult\array_mult\hls\.autopilot\db\matrix_mult.pp.0.cpp:3947:7: warning: Added loop label VITIS_LOOP_1247_1:   [xilinx-label-all-loops]
      for (i = 0; i < __N - 1; ++i) {
      ^~~
      VITIS_LOOP_1247_1: 
C:\repos\FPGA\lab2\mat_mult\array_mult\hls\.autopilot\db\matrix_mult.pp.0.cpp:3947:7: note: FIX-IT applied suggested code changes
C:\repos\FPGA\lab2\mat_mult\array_mult\hls\.autopilot\db\matrix_mult.pp.0.cpp:9781:2: warning: Added loop label VITIS_LOOP_26_1:   [xilinx-label-all-loops]
 for (i=0;i<5*5;i++) {
 ^~~
 VITIS_LOOP_26_1: 
C:\repos\FPGA\lab2\mat_mult\array_mult\hls\.autopilot\db\matrix_mult.pp.0.cpp:9781:2: note: FIX-IT applied suggested code changes
