================================================================
== Design Size Report
================================================================

* Total Instructions per Compilation Phase
+---------------+-----------------------------+--------------+----------------------------------------------------------------------------------------+
| Phase         | Step                        | Instructions | Description                                                                            |
+---------------+-----------------------------+--------------+----------------------------------------------------------------------------------------+
| Compile/Link  |                             | 1,789        | After all functions are compiled and linked into a single design                       |
|               |                             |              |                                                                                        |
| Unroll/Inline |                             |              | After user unroll and inline pragmas are applied                                       |
|               | (1) unroll                  |   661        | user unroll pragmas are applied                                                        |
|               | (2) simplification          |   496        | simplification of applied user unroll pragmas                                          |
|               | (3) inline                  |   485        | user inline pragmas are applied                                                        |
|               | (4) simplification          |   485        | simplification of applied user inline pragmas                                          |
|               |                             |              |                                                                                        |
| Array/Struct  |                             |              | After user array partition and struct aggregate/disaggregate pragmas are applied       |
|               | (1) array partition         |   486        | user array partition pragmas are applied                                               |
|               | (2) simplification          |   486        | simplification of applied user array partition & struct aggregate/disaggregate pragmas |
|               | (3) aggregate/disaggregate  |   486        | user struct aggregate/disaggregate pragmas are applied                                 |
|               | (4) array reshape           |   486        | apply array reshape pragmas                                                            |
|               | (5) access patterns         |   848        | array access pattern optmizations                                                      |
|               |                             |              |                                                                                        |
| Performance   |                             |              | After transformations are applied to meet performance pragma targets                   |
|               | (1) loop simplification     |   856        | loop and instruction simplification                                                    |
|               | (2) parallelization         |   838        | loops are unrolled or pipelined to meet performance targets                            |
|               | (3) array partition         |   609        | arrays are partitioned to meet performance targets                                     |
|               | (4) simplification          |   609        | simplification of design after performance transformations                             |
|               |                             |              |                                                                                        |
| HW Transforms |                             |              | After hardware transfomations                                                          |
|               | (1) lowering                |   472        | initial conversion to HW specific instructions                                         |
|               | (2) optimizations           |   482        | high level synthesis optimizations                                                     |
+---------------+-----------------------------+--------------+----------------------------------------------------------------------------------------+

* Instructions per Function for each Compilation Phase
+--------------+--------------------+--------------+---------------+--------------+-------------+---------------+
| Function     | Location           | Compile/Link | Unroll/Inline | Array/Struct | Performance | HW Transforms |
+--------------+--------------------+--------------+---------------+--------------+-------------+---------------+
|   array_mult | matrix_mult.cpp:13 | 1,789        | 485           | 848          | 609         | 482           |
+--------------+--------------------+--------------+---------------+--------------+-------------+---------------+

* Design Size Message Settings
+---------------------------------------------+--------+------------------------------------------------------------------+
| Message Setting                             | Value  | Description                                                      |
+---------------------------------------------+--------+------------------------------------------------------------------+
| config_compile -design_size_maximum_warning | 100000 | Show a warning when total design instructions exceeds this value |
+---------------------------------------------+--------+------------------------------------------------------------------+


